running egg_info
creating ../../build/color_detection/colorid.egg-info
writing ../../build/color_detection/colorid.egg-info/PKG-INFO
writing dependency_links to ../../build/color_detection/colorid.egg-info/dependency_links.txt
writing entry points to ../../build/color_detection/colorid.egg-info/entry_points.txt
writing requirements to ../../build/color_detection/colorid.egg-info/requires.txt
writing top-level names to ../../build/color_detection/colorid.egg-info/top_level.txt
writing manifest file '../../build/color_detection/colorid.egg-info/SOURCES.txt'
reading manifest file '../../build/color_detection/colorid.egg-info/SOURCES.txt'
writing manifest file '../../build/color_detection/colorid.egg-info/SOURCES.txt'
running build
running build_py
creating /home/yahboom/Final_S25_RobotProgramming_Galactic/build/color_detection/build
creating /home/yahboom/Final_S25_RobotProgramming_Galactic/build/color_detection/build/lib
creating /home/yahboom/Final_S25_RobotProgramming_Galactic/build/color_detection/build/lib/colorid
copying colorid/colorid_sub_safe.py -> /home/yahboom/Final_S25_RobotProgramming_Galactic/build/color_detection/build/lib/colorid
copying colorid/__init__.py -> /home/yahboom/Final_S25_RobotProgramming_Galactic/build/color_detection/build/lib/colorid
running install
running install_lib
creating /home/yahboom/Final_S25_RobotProgramming_Galactic/install/color_detection/lib/python3.8/site-packages/colorid
copying /home/yahboom/Final_S25_RobotProgramming_Galactic/build/color_detection/build/lib/colorid/colorid_sub_safe.py -> /home/yahboom/Final_S25_RobotProgramming_Galactic/install/color_detection/lib/python3.8/site-packages/colorid
copying /home/yahboom/Final_S25_RobotProgramming_Galactic/build/color_detection/build/lib/colorid/__init__.py -> /home/yahboom/Final_S25_RobotProgramming_Galactic/install/color_detection/lib/python3.8/site-packages/colorid
byte-compiling /home/yahboom/Final_S25_RobotProgramming_Galactic/install/color_detection/lib/python3.8/site-packages/colorid/colorid_sub_safe.py to colorid_sub_safe.cpython-38.pyc
byte-compiling /home/yahboom/Final_S25_RobotProgramming_Galactic/install/color_detection/lib/python3.8/site-packages/colorid/__init__.py to __init__.cpython-38.pyc
running install_data
copying resource/colorid -> /home/yahboom/Final_S25_RobotProgramming_Galactic/install/color_detection/share/ament_index/resource_index/packages
creating /home/yahboom/Final_S25_RobotProgramming_Galactic/install/color_detection/share/colorid
copying package.xml -> /home/yahboom/Final_S25_RobotProgramming_Galactic/install/color_detection/share/colorid
running install_egg_info
Copying ../../build/color_detection/colorid.egg-info to /home/yahboom/Final_S25_RobotProgramming_Galactic/install/color_detection/lib/python3.8/site-packages/colorid-0.0.0-py3.8.egg-info
running install_scripts
Installing color_detector script to /home/yahboom/Final_S25_RobotProgramming_Galactic/install/color_detection/lib/colorid
Installing color_subscriber script to /home/yahboom/Final_S25_RobotProgramming_Galactic/install/color_detection/lib/colorid
writing list of installed files to '/home/yahboom/Final_S25_RobotProgramming_Galactic/build/color_detection/install.log'
