running egg_info
writing ../../build/colorcap/colorcap.egg-info/PKG-INFO
writing dependency_links to ../../build/colorcap/colorcap.egg-info/dependency_links.txt
writing entry points to ../../build/colorcap/colorcap.egg-info/entry_points.txt
writing requirements to ../../build/colorcap/colorcap.egg-info/requires.txt
writing top-level names to ../../build/colorcap/colorcap.egg-info/top_level.txt
reading manifest file '../../build/colorcap/colorcap.egg-info/SOURCES.txt'
writing manifest file '../../build/colorcap/colorcap.egg-info/SOURCES.txt'
running build
running build_py
running install
running install_lib
running install_data
running install_egg_info
removing '/home/yahboom/Final_S25_RobotProgramming_Galactic/install/colorcap/lib/python3.8/site-packages/colorcap-0.0.0-py3.8.egg-info' (and everything under it)
Copying ../../build/colorcap/colorcap.egg-info to /home/yahboom/Final_S25_RobotProgramming_Galactic/install/colorcap/lib/python3.8/site-packages/colorcap-0.0.0-py3.8.egg-info
running install_scripts
Installing webcam_pub script to /home/yahboom/Final_S25_RobotProgramming_Galactic/install/colorcap/lib/colorcap
Installing webcam_sub script to /home/yahboom/Final_S25_RobotProgramming_Galactic/install/colorcap/lib/colorcap
writing list of installed files to '/home/yahboom/Final_S25_RobotProgramming_Galactic/build/colorcap/install.log'
