[1.193s] Invoking command in '/home/yahboom/Final_S25_RobotProgramming_Galactic/src/colorcap': PYTHONPATH=/home/yahboom/Final_S25_RobotProgramming_Galactic/build/colorcap/prefix_override:/home/yahboom/Final_S25_RobotProgramming_Galactic/install/colorcap/lib/python3.8/site-packages:${PYTHONPATH} /usr/bin/python3 setup.py egg_info --egg-base ../../build/colorcap build --build-base /home/yahboom/Final_S25_RobotProgramming_Galactic/build/colorcap/build install --record /home/yahboom/Final_S25_RobotProgramming_Galactic/build/colorcap/install.log --install-scripts $base/lib/colorcap --single-version-externally-managed
[1.488s] running egg_info
[1.488s] writing ../../build/colorcap/colorcap.egg-info/PKG-INFO
[1.489s] writing dependency_links to ../../build/colorcap/colorcap.egg-info/dependency_links.txt
[1.489s] writing entry points to ../../build/colorcap/colorcap.egg-info/entry_points.txt
[1.490s] writing requirements to ../../build/colorcap/colorcap.egg-info/requires.txt
[1.490s] writing top-level names to ../../build/colorcap/colorcap.egg-info/top_level.txt
[1.533s] reading manifest file '../../build/colorcap/colorcap.egg-info/SOURCES.txt'
[1.534s] writing manifest file '../../build/colorcap/colorcap.egg-info/SOURCES.txt'
[1.535s] running build
[1.535s] running build_py
[1.535s] running install
[1.536s] running install_lib
[1.538s] running install_data
[1.538s] running install_egg_info
[1.541s] removing '/home/yahboom/Final_S25_RobotProgramming_Galactic/install/colorcap/lib/python3.8/site-packages/colorcap-0.0.0-py3.8.egg-info' (and everything under it)
[1.542s] Copying ../../build/colorcap/colorcap.egg-info to /home/yahboom/Final_S25_RobotProgramming_Galactic/install/colorcap/lib/python3.8/site-packages/colorcap-0.0.0-py3.8.egg-info
[1.543s] running install_scripts
[1.567s] Installing webcam_pub script to /home/yahboom/Final_S25_RobotProgramming_Galactic/install/colorcap/lib/colorcap
[1.568s] Installing webcam_sub script to /home/yahboom/Final_S25_RobotProgramming_Galactic/install/colorcap/lib/colorcap
[1.568s] writing list of installed files to '/home/yahboom/Final_S25_RobotProgramming_Galactic/build/colorcap/install.log'
[1.631s] Invoked command in '/home/yahboom/Final_S25_RobotProgramming_Galactic/src/colorcap' returned '0': PYTHONPATH=/home/yahboom/Final_S25_RobotProgramming_Galactic/build/colorcap/prefix_override:/home/yahboom/Final_S25_RobotProgramming_Galactic/install/colorcap/lib/python3.8/site-packages:${PYTHONPATH} /usr/bin/python3 setup.py egg_info --egg-base ../../build/colorcap build --build-base /home/yahboom/Final_S25_RobotProgramming_Galactic/build/colorcap/build install --record /home/yahboom/Final_S25_RobotProgramming_Galactic/build/colorcap/install.log --install-scripts $base/lib/colorcap --single-version-externally-managed
