[1.611s] Invoking command in '/home/yahboom/Final_S25_RobotProgramming_Galactic/src/colorcap': PYTHONPATH=/home/yahboom/Final_S25_RobotProgramming_Galactic/build/colorcap/prefix_override:/home/yahboom/Final_S25_RobotProgramming_Galactic/install/colorcap/lib/python3.8/site-packages:${PYTHONPATH} /usr/bin/python3 setup.py egg_info --egg-base ../../build/colorcap build --build-base /home/yahboom/Final_S25_RobotProgramming_Galactic/build/colorcap/build install --record /home/yahboom/Final_S25_RobotProgramming_Galactic/build/colorcap/install.log --install-scripts $base/lib/colorcap --single-version-externally-managed
[1.938s] running egg_info
[1.939s] creating ../../build/colorcap/colorcap.egg-info
[1.939s] writing ../../build/colorcap/colorcap.egg-info/PKG-INFO
[1.940s] writing dependency_links to ../../build/colorcap/colorcap.egg-info/dependency_links.txt
[1.940s] writing entry points to ../../build/colorcap/colorcap.egg-info/entry_points.txt
[1.941s] writing requirements to ../../build/colorcap/colorcap.egg-info/requires.txt
[1.942s] writing top-level names to ../../build/colorcap/colorcap.egg-info/top_level.txt
[1.944s] writing manifest file '../../build/colorcap/colorcap.egg-info/SOURCES.txt'
[1.989s] reading manifest file '../../build/colorcap/colorcap.egg-info/SOURCES.txt'
[1.990s] writing manifest file '../../build/colorcap/colorcap.egg-info/SOURCES.txt'
[1.991s] running build
[1.991s] running build_py
[1.992s] creating /home/yahboom/Final_S25_RobotProgramming_Galactic/build/colorcap/build
[1.993s] creating /home/yahboom/Final_S25_RobotProgramming_Galactic/build/colorcap/build/lib
[1.994s] creating /home/yahboom/Final_S25_RobotProgramming_Galactic/build/colorcap/build/lib/colorcap
[1.994s] copying colorcap/__init__.py -> /home/yahboom/Final_S25_RobotProgramming_Galactic/build/colorcap/build/lib/colorcap
[1.994s] copying colorcap/cam_sub.py -> /home/yahboom/Final_S25_RobotProgramming_Galactic/build/colorcap/build/lib/colorcap
[1.994s] copying colorcap/cam_pub.py -> /home/yahboom/Final_S25_RobotProgramming_Galactic/build/colorcap/build/lib/colorcap
[1.994s] running install
[1.994s] running install_lib
[1.996s] creating /home/yahboom/Final_S25_RobotProgramming_Galactic/install/colorcap/lib/python3.8/site-packages/colorcap
[1.996s] copying /home/yahboom/Final_S25_RobotProgramming_Galactic/build/colorcap/build/lib/colorcap/__init__.py -> /home/yahboom/Final_S25_RobotProgramming_Galactic/install/colorcap/lib/python3.8/site-packages/colorcap
[1.996s] copying /home/yahboom/Final_S25_RobotProgramming_Galactic/build/colorcap/build/lib/colorcap/cam_sub.py -> /home/yahboom/Final_S25_RobotProgramming_Galactic/install/colorcap/lib/python3.8/site-packages/colorcap
[1.996s] copying /home/yahboom/Final_S25_RobotProgramming_Galactic/build/colorcap/build/lib/colorcap/cam_pub.py -> /home/yahboom/Final_S25_RobotProgramming_Galactic/install/colorcap/lib/python3.8/site-packages/colorcap
[1.997s] byte-compiling /home/yahboom/Final_S25_RobotProgramming_Galactic/install/colorcap/lib/python3.8/site-packages/colorcap/__init__.py to __init__.cpython-38.pyc
[1.999s] byte-compiling /home/yahboom/Final_S25_RobotProgramming_Galactic/install/colorcap/lib/python3.8/site-packages/colorcap/cam_sub.py to cam_sub.cpython-38.pyc
[2.001s] byte-compiling /home/yahboom/Final_S25_RobotProgramming_Galactic/install/colorcap/lib/python3.8/site-packages/colorcap/cam_pub.py to cam_pub.cpython-38.pyc
[2.002s] running install_data
[2.003s] creating /home/yahboom/Final_S25_RobotProgramming_Galactic/install/colorcap/share/ament_index
[2.004s] creating /home/yahboom/Final_S25_RobotProgramming_Galactic/install/colorcap/share/ament_index/resource_index
[2.004s] creating /home/yahboom/Final_S25_RobotProgramming_Galactic/install/colorcap/share/ament_index/resource_index/packages
[2.004s] copying resource/colorcap -> /home/yahboom/Final_S25_RobotProgramming_Galactic/install/colorcap/share/ament_index/resource_index/packages
[2.004s] copying package.xml -> /home/yahboom/Final_S25_RobotProgramming_Galactic/install/colorcap/share/colorcap
[2.004s] running install_egg_info
[2.007s] Copying ../../build/colorcap/colorcap.egg-info to /home/yahboom/Final_S25_RobotProgramming_Galactic/install/colorcap/lib/python3.8/site-packages/colorcap-0.0.0-py3.8.egg-info
[2.008s] running install_scripts
[2.039s] Installing webcam_pub script to /home/yahboom/Final_S25_RobotProgramming_Galactic/install/colorcap/lib/colorcap
[2.039s] Installing webcam_sub script to /home/yahboom/Final_S25_RobotProgramming_Galactic/install/colorcap/lib/colorcap
[2.040s] writing list of installed files to '/home/yahboom/Final_S25_RobotProgramming_Galactic/build/colorcap/install.log'
[2.079s] Invoked command in '/home/yahboom/Final_S25_RobotProgramming_Galactic/src/colorcap' returned '0': PYTHONPATH=/home/yahboom/Final_S25_RobotProgramming_Galactic/build/colorcap/prefix_override:/home/yahboom/Final_S25_RobotProgramming_Galactic/install/colorcap/lib/python3.8/site-packages:${PYTHONPATH} /usr/bin/python3 setup.py egg_info --egg-base ../../build/colorcap build --build-base /home/yahboom/Final_S25_RobotProgramming_Galactic/build/colorcap/build install --record /home/yahboom/Final_S25_RobotProgramming_Galactic/build/colorcap/install.log --install-scripts $base/lib/colorcap --single-version-externally-managed
