[0.771s] DEBUG:colcon:Command line arguments: ['/usr/bin/colcon', 'build']
[0.772s] DEBUG:colcon:Parsed command line arguments: Namespace(allow_overriding=[], ament_cmake_args=None, base_paths=['.'], build_base='build', catkin_cmake_args=None, catkin_skip_building_tests=False, cmake_args=None, cmake_clean_cache=False, cmake_clean_first=False, cmake_force_configure=False, cmake_target=None, cmake_target_skip_unavailable=False, continue_on_error=False, event_handlers=None, executor='parallel', ignore_user_meta=False, install_base='install', log_base=None, log_level=None, main=<bound method BuildVerb.main of <colcon_core.verb.build.BuildVerb object at 0x7f27be7d4910>>, merge_install=False, metas=['./colcon.meta'], packages_above=None, packages_above_and_dependencies=None, packages_above_depth=None, packages_end=None, packages_ignore=None, packages_ignore_regex=None, packages_select=None, packages_select_build_failed=False, packages_select_by_dep=None, packages_select_regex=None, packages_select_test_failures=False, packages_skip=None, packages_skip_build_finished=False, packages_skip_by_dep=None, packages_skip_regex=None, packages_skip_test_passed=False, packages_skip_up_to=None, packages_start=None, packages_up_to=None, packages_up_to_regex=None, parallel_workers=4, paths=None, symlink_install=False, test_result_base=None, verb_extension=<colcon_core.verb.build.BuildVerb object at 0x7f27be7d4910>, verb_name='build', verb_parser=<colcon_defaults.argument_parser.defaults.DefaultArgumentsDecorator object at 0x7f27be7d4e80>)
[0.858s] Level 1:colcon.colcon_core.package_discovery:discover_packages(colcon_meta) check parameters
[0.858s] Level 1:colcon.colcon_core.package_discovery:discover_packages(recursive) check parameters
[0.858s] Level 1:colcon.colcon_core.package_discovery:discover_packages(ignore) check parameters
[0.859s] Level 1:colcon.colcon_core.package_discovery:discover_packages(path) check parameters
[0.859s] Level 1:colcon.colcon_core.package_discovery:discover_packages(colcon_meta) discover
[0.859s] Level 1:colcon.colcon_core.package_discovery:discover_packages(recursive) discover
[0.859s] INFO:colcon.colcon_core.package_discovery:Crawling recursively for packages in '/home/yahboom/Final_S25_RobotProgramming_Galactic'
[0.859s] Level 1:colcon.colcon_core.package_identification:_identify(.) by extensions ['ignore', 'ignore_ament_install']
[0.859s] Level 1:colcon.colcon_core.package_identification:_identify(.) by extension 'ignore'
[0.859s] Level 1:colcon.colcon_core.package_identification:_identify(.) by extension 'ignore_ament_install'
[0.859s] Level 1:colcon.colcon_core.package_identification:_identify(.) by extensions ['colcon_pkg']
[0.859s] Level 1:colcon.colcon_core.package_identification:_identify(.) by extension 'colcon_pkg'
[0.859s] Level 1:colcon.colcon_core.package_identification:_identify(.) by extensions ['colcon_meta']
[0.859s] Level 1:colcon.colcon_core.package_identification:_identify(.) by extension 'colcon_meta'
[0.859s] Level 1:colcon.colcon_core.package_identification:_identify(.) by extensions ['ros']
[0.859s] Level 1:colcon.colcon_core.package_identification:_identify(.) by extension 'ros'
[0.895s] Level 1:colcon.colcon_core.package_identification:_identify(.) by extensions ['cmake', 'python']
[0.895s] Level 1:colcon.colcon_core.package_identification:_identify(.) by extension 'cmake'
[0.895s] Level 1:colcon.colcon_core.package_identification:_identify(.) by extension 'python'
[0.895s] Level 1:colcon.colcon_core.package_identification:_identify(.) by extensions ['python_setup_py']
[0.895s] Level 1:colcon.colcon_core.package_identification:_identify(.) by extension 'python_setup_py'
[0.895s] Level 1:colcon.colcon_core.package_identification:_identify(build) by extensions ['ignore', 'ignore_ament_install']
[0.895s] Level 1:colcon.colcon_core.package_identification:_identify(build) by extension 'ignore'
[0.895s] Level 1:colcon.colcon_core.package_identification:_identify(build) ignored
[0.895s] Level 1:colcon.colcon_core.package_identification:_identify(install) by extensions ['ignore', 'ignore_ament_install']
[0.896s] Level 1:colcon.colcon_core.package_identification:_identify(install) by extension 'ignore'
[0.896s] Level 1:colcon.colcon_core.package_identification:_identify(install) ignored
[0.896s] Level 1:colcon.colcon_core.package_identification:_identify(log) by extensions ['ignore', 'ignore_ament_install']
[0.896s] Level 1:colcon.colcon_core.package_identification:_identify(log) by extension 'ignore'
[0.896s] Level 1:colcon.colcon_core.package_identification:_identify(log) ignored
[0.896s] Level 1:colcon.colcon_core.package_identification:_identify(src) by extensions ['ignore', 'ignore_ament_install']
[0.896s] Level 1:colcon.colcon_core.package_identification:_identify(src) by extension 'ignore'
[0.896s] Level 1:colcon.colcon_core.package_identification:_identify(src) by extension 'ignore_ament_install'
[0.896s] Level 1:colcon.colcon_core.package_identification:_identify(src) by extensions ['colcon_pkg']
[0.896s] Level 1:colcon.colcon_core.package_identification:_identify(src) by extension 'colcon_pkg'
[0.896s] Level 1:colcon.colcon_core.package_identification:_identify(src) by extensions ['colcon_meta']
[0.896s] Level 1:colcon.colcon_core.package_identification:_identify(src) by extension 'colcon_meta'
[0.896s] Level 1:colcon.colcon_core.package_identification:_identify(src) by extensions ['ros']
[0.897s] Level 1:colcon.colcon_core.package_identification:_identify(src) by extension 'ros'
[0.897s] Level 1:colcon.colcon_core.package_identification:_identify(src) by extensions ['cmake', 'python']
[0.897s] Level 1:colcon.colcon_core.package_identification:_identify(src) by extension 'cmake'
[0.897s] Level 1:colcon.colcon_core.package_identification:_identify(src) by extension 'python'
[0.897s] Level 1:colcon.colcon_core.package_identification:_identify(src) by extensions ['python_setup_py']
[0.897s] Level 1:colcon.colcon_core.package_identification:_identify(src) by extension 'python_setup_py'
[0.897s] Level 1:colcon.colcon_core.package_identification:_identify(src/colorid) by extensions ['ignore', 'ignore_ament_install']
[0.897s] Level 1:colcon.colcon_core.package_identification:_identify(src/colorid) by extension 'ignore'
[0.897s] Level 1:colcon.colcon_core.package_identification:_identify(src/colorid) by extension 'ignore_ament_install'
[0.897s] Level 1:colcon.colcon_core.package_identification:_identify(src/colorid) by extensions ['colcon_pkg']
[0.897s] Level 1:colcon.colcon_core.package_identification:_identify(src/colorid) by extension 'colcon_pkg'
[0.897s] Level 1:colcon.colcon_core.package_identification:_identify(src/colorid) by extensions ['colcon_meta']
[0.898s] Level 1:colcon.colcon_core.package_identification:_identify(src/colorid) by extension 'colcon_meta'
[0.898s] Level 1:colcon.colcon_core.package_identification:_identify(src/colorid) by extensions ['ros']
[0.898s] Level 1:colcon.colcon_core.package_identification:_identify(src/colorid) by extension 'ros'
[0.902s] DEBUG:colcon.colcon_core.package_identification:Package 'src/colorid' with type 'ros.ament_python' and name 'colorid'
[0.902s] Level 1:colcon.colcon_core.package_discovery:discover_packages(recursive) using defaults
[0.902s] Level 1:colcon.colcon_core.package_discovery:discover_packages(ignore) discover
[0.902s] Level 1:colcon.colcon_core.package_discovery:discover_packages(ignore) using defaults
[0.902s] Level 1:colcon.colcon_core.package_discovery:discover_packages(path) discover
[0.902s] Level 1:colcon.colcon_core.package_discovery:discover_packages(path) using defaults
[0.949s] Level 1:colcon.colcon_core.package_discovery:discover_packages(prefix_path) check parameters
[0.949s] Level 1:colcon.colcon_core.package_discovery:discover_packages(prefix_path) discover
[0.958s] DEBUG:colcon.colcon_installed_package_information.package_discovery:Found 10 installed packages in /home/yahboom/yahboomcar_ros2_ws/software/library_ws/install
[0.960s] DEBUG:colcon.colcon_installed_package_information.package_discovery:Found 20 installed packages in /home/yahboom/yahboomcar_ros2_ws/yahboomcar_ws/install
[0.964s] DEBUG:colcon.colcon_installed_package_information.package_discovery:Found 349 installed packages in /opt/ros/foxy
[0.967s] Level 1:colcon.colcon_core.package_discovery:discover_packages(prefix_path) using defaults
[1.183s] Level 5:colcon.colcon_core.verb:set package 'colorid' build argument 'cmake_args' from command line to 'None'
[1.183s] Level 5:colcon.colcon_core.verb:set package 'colorid' build argument 'cmake_target' from command line to 'None'
[1.183s] Level 5:colcon.colcon_core.verb:set package 'colorid' build argument 'cmake_target_skip_unavailable' from command line to 'False'
[1.183s] Level 5:colcon.colcon_core.verb:set package 'colorid' build argument 'cmake_clean_cache' from command line to 'False'
[1.183s] Level 5:colcon.colcon_core.verb:set package 'colorid' build argument 'cmake_clean_first' from command line to 'False'
[1.183s] Level 5:colcon.colcon_core.verb:set package 'colorid' build argument 'cmake_force_configure' from command line to 'False'
[1.184s] Level 5:colcon.colcon_core.verb:set package 'colorid' build argument 'ament_cmake_args' from command line to 'None'
[1.184s] Level 5:colcon.colcon_core.verb:set package 'colorid' build argument 'catkin_cmake_args' from command line to 'None'
[1.184s] Level 5:colcon.colcon_core.verb:set package 'colorid' build argument 'catkin_skip_building_tests' from command line to 'False'
[1.184s] DEBUG:colcon.colcon_core.verb:Building package 'colorid' with the following arguments: {'ament_cmake_args': None, 'build_base': '/home/yahboom/Final_S25_RobotProgramming_Galactic/build/colorid', 'catkin_cmake_args': None, 'catkin_skip_building_tests': False, 'cmake_args': None, 'cmake_clean_cache': False, 'cmake_clean_first': False, 'cmake_force_configure': False, 'cmake_target': None, 'cmake_target_skip_unavailable': False, 'install_base': '/home/yahboom/Final_S25_RobotProgramming_Galactic/install/colorid', 'merge_install': False, 'path': '/home/yahboom/Final_S25_RobotProgramming_Galactic/src/colorid', 'symlink_install': False, 'test_result_base': None}
[1.186s] INFO:colcon.colcon_core.executor:Executing jobs using 'parallel' executor
[1.195s] DEBUG:colcon.colcon_parallel_executor.executor.parallel:run_until_complete
[1.196s] INFO:colcon.colcon_ros.task.ament_python.build:Building ROS package in '/home/yahboom/Final_S25_RobotProgramming_Galactic/src/colorid' with build type 'ament_python'
[1.197s] Level 1:colcon.colcon_core.shell:create_environment_hook('colorid', 'ament_prefix_path')
[1.214s] INFO:colcon.colcon_core.plugin_system:Skipping extension 'colcon_core.shell.bat': Not used on non-Windows systems
[1.215s] INFO:colcon.colcon_core.shell:Creating environment hook '/home/yahboom/Final_S25_RobotProgramming_Galactic/install/colorid/share/colorid/hook/ament_prefix_path.ps1'
[1.217s] INFO:colcon.colcon_core.shell:Creating environment descriptor '/home/yahboom/Final_S25_RobotProgramming_Galactic/install/colorid/share/colorid/hook/ament_prefix_path.dsv'
[1.218s] INFO:colcon.colcon_core.shell:Creating environment hook '/home/yahboom/Final_S25_RobotProgramming_Galactic/install/colorid/share/colorid/hook/ament_prefix_path.sh'
[1.228s] INFO:colcon.colcon_core.shell:Skip shell extension 'powershell' for command environment: Not usable outside of PowerShell
[1.229s] DEBUG:colcon.colcon_core.shell:Skip shell extension 'dsv' for command environment
[1.778s] INFO:colcon.colcon_core.task.python.build:Building Python package in '/home/yahboom/Final_S25_RobotProgramming_Galactic/src/colorid'
[1.781s] INFO:colcon.colcon_core.shell:Skip shell extension 'powershell' for command environment: Not usable outside of PowerShell
[1.781s] DEBUG:colcon.colcon_core.shell:Skip shell extension 'dsv' for command environment
[2.924s] DEBUG:colcon.colcon_core.event_handler.log_command:Invoking command in '/home/yahboom/Final_S25_RobotProgramming_Galactic/src/colorid': PYTHONPATH=/home/yahboom/Final_S25_RobotProgramming_Galactic/build/colorid/prefix_override:/home/yahboom/Final_S25_RobotProgramming_Galactic/install/colorid/lib/python3.8/site-packages:${PYTHONPATH} /usr/bin/python3 setup.py egg_info --egg-base ../../build/colorid build --build-base /home/yahboom/Final_S25_RobotProgramming_Galactic/build/colorid/build install --record /home/yahboom/Final_S25_RobotProgramming_Galactic/build/colorid/install.log --install-scripts $base/lib/colorid --single-version-externally-managed
[3.642s] DEBUG:colcon.colcon_core.event_handler.log_command:Invoked command in '/home/yahboom/Final_S25_RobotProgramming_Galactic/src/colorid' returned '0': PYTHONPATH=/home/yahboom/Final_S25_RobotProgramming_Galactic/build/colorid/prefix_override:/home/yahboom/Final_S25_RobotProgramming_Galactic/install/colorid/lib/python3.8/site-packages:${PYTHONPATH} /usr/bin/python3 setup.py egg_info --egg-base ../../build/colorid build --build-base /home/yahboom/Final_S25_RobotProgramming_Galactic/build/colorid/build install --record /home/yahboom/Final_S25_RobotProgramming_Galactic/build/colorid/install.log --install-scripts $base/lib/colorid --single-version-externally-managed
[3.664s] Level 1:colcon.colcon_core.environment:checking '/home/yahboom/Final_S25_RobotProgramming_Galactic/install/colorid' for CMake module files
[3.665s] Level 1:colcon.colcon_core.environment:checking '/home/yahboom/Final_S25_RobotProgramming_Galactic/install/colorid' for CMake config files
[3.667s] Level 1:colcon.colcon_core.environment:checking '/home/yahboom/Final_S25_RobotProgramming_Galactic/install/colorid/lib'
[3.667s] Level 1:colcon.colcon_core.environment:checking '/home/yahboom/Final_S25_RobotProgramming_Galactic/install/colorid/bin'
[3.668s] Level 1:colcon.colcon_core.environment:checking '/home/yahboom/Final_S25_RobotProgramming_Galactic/install/colorid/lib/pkgconfig/colorid.pc'
[3.668s] Level 1:colcon.colcon_core.environment:checking '/home/yahboom/Final_S25_RobotProgramming_Galactic/install/colorid/lib/python3.8/site-packages'
[3.668s] Level 1:colcon.colcon_core.shell:create_environment_hook('colorid', 'pythonpath')
[3.673s] INFO:colcon.colcon_core.shell:Creating environment hook '/home/yahboom/Final_S25_RobotProgramming_Galactic/install/colorid/share/colorid/hook/pythonpath.ps1'
[3.675s] INFO:colcon.colcon_core.shell:Creating environment descriptor '/home/yahboom/Final_S25_RobotProgramming_Galactic/install/colorid/share/colorid/hook/pythonpath.dsv'
[3.675s] INFO:colcon.colcon_core.shell:Creating environment hook '/home/yahboom/Final_S25_RobotProgramming_Galactic/install/colorid/share/colorid/hook/pythonpath.sh'
[3.678s] Level 1:colcon.colcon_core.environment:checking '/home/yahboom/Final_S25_RobotProgramming_Galactic/install/colorid/bin'
[3.678s] Level 1:colcon.colcon_core.environment:create_environment_scripts_only(colorid)
[3.683s] INFO:colcon.colcon_core.shell:Creating package script '/home/yahboom/Final_S25_RobotProgramming_Galactic/install/colorid/share/colorid/package.ps1'
[3.685s] INFO:colcon.colcon_core.shell:Creating package descriptor '/home/yahboom/Final_S25_RobotProgramming_Galactic/install/colorid/share/colorid/package.dsv'
[3.688s] INFO:colcon.colcon_core.shell:Creating package script '/home/yahboom/Final_S25_RobotProgramming_Galactic/install/colorid/share/colorid/package.sh'
[3.692s] INFO:colcon.colcon_core.shell:Creating package script '/home/yahboom/Final_S25_RobotProgramming_Galactic/install/colorid/share/colorid/package.bash'
[3.694s] INFO:colcon.colcon_core.shell:Creating package script '/home/yahboom/Final_S25_RobotProgramming_Galactic/install/colorid/share/colorid/package.zsh'
[3.696s] Level 1:colcon.colcon_core.environment:create_file_with_runtime_dependencies(/home/yahboom/Final_S25_RobotProgramming_Galactic/install/colorid/share/colcon-core/packages/colorid)
[3.697s] DEBUG:colcon.colcon_parallel_executor.executor.parallel:closing loop
[3.698s] DEBUG:colcon.colcon_parallel_executor.executor.parallel:loop closed
[3.698s] DEBUG:colcon.colcon_parallel_executor.executor.parallel:run_until_complete finished with '0'
[3.698s] DEBUG:colcon.colcon_core.event_reactor:joining thread
[3.724s] INFO:colcon.colcon_core.plugin_system:Skipping extension 'colcon_notification.desktop_notification.terminal_notifier': Not used on non-Darwin systems
[3.725s] INFO:colcon.colcon_core.plugin_system:Skipping extension 'colcon_notification.desktop_notification.win32': Not used on non-Windows systems
[3.725s] INFO:colcon.colcon_notification.desktop_notification:Sending desktop notification using 'notify2'
[3.864s] DEBUG:colcon.colcon_core.event_reactor:joined thread
[3.871s] INFO:colcon.colcon_core.shell:Creating prefix script '/home/yahboom/Final_S25_RobotProgramming_Galactic/install/local_setup.ps1'
[3.874s] INFO:colcon.colcon_core.shell:Creating prefix util module '/home/yahboom/Final_S25_RobotProgramming_Galactic/install/_local_setup_util_ps1.py'
[3.879s] INFO:colcon.colcon_core.shell:Creating prefix chain script '/home/yahboom/Final_S25_RobotProgramming_Galactic/install/setup.ps1'
[3.888s] INFO:colcon.colcon_core.shell:Creating prefix script '/home/yahboom/Final_S25_RobotProgramming_Galactic/install/local_setup.sh'
[3.890s] INFO:colcon.colcon_core.shell:Creating prefix util module '/home/yahboom/Final_S25_RobotProgramming_Galactic/install/_local_setup_util_sh.py'
[3.892s] INFO:colcon.colcon_core.shell:Creating prefix chain script '/home/yahboom/Final_S25_RobotProgramming_Galactic/install/setup.sh'
[3.901s] INFO:colcon.colcon_core.shell:Creating prefix script '/home/yahboom/Final_S25_RobotProgramming_Galactic/install/local_setup.bash'
[3.903s] INFO:colcon.colcon_core.shell:Creating prefix chain script '/home/yahboom/Final_S25_RobotProgramming_Galactic/install/setup.bash'
[3.914s] INFO:colcon.colcon_core.shell:Creating prefix script '/home/yahboom/Final_S25_RobotProgramming_Galactic/install/local_setup.zsh'
[3.915s] INFO:colcon.colcon_core.shell:Creating prefix chain script '/home/yahboom/Final_S25_RobotProgramming_Galactic/install/setup.zsh'
