[0.535s] DEBUG:colcon:Command line arguments: ['/usr/bin/colcon', 'build']
[0.536s] DEBUG:colcon:Parsed command line arguments: Namespace(allow_overriding=[], ament_cmake_args=None, base_paths=['.'], build_base='build', catkin_cmake_args=None, catkin_skip_building_tests=False, cmake_args=None, cmake_clean_cache=False, cmake_clean_first=False, cmake_force_configure=False, cmake_target=None, cmake_target_skip_unavailable=False, continue_on_error=False, event_handlers=None, executor='parallel', ignore_user_meta=False, install_base='install', log_base=None, log_level=None, main=<bound method BuildVerb.main of <colcon_core.verb.build.BuildVerb object at 0x7f3f17c21b80>>, merge_install=False, metas=['./colcon.meta'], packages_above=None, packages_above_and_dependencies=None, packages_above_depth=None, packages_end=None, packages_ignore=None, packages_ignore_regex=None, packages_select=None, packages_select_build_failed=False, packages_select_by_dep=None, packages_select_regex=None, packages_select_test_failures=False, packages_skip=None, packages_skip_build_finished=False, packages_skip_by_dep=None, packages_skip_regex=None, packages_skip_test_passed=False, packages_skip_up_to=None, packages_start=None, packages_up_to=None, packages_up_to_regex=None, parallel_workers=4, paths=None, symlink_install=False, test_result_base=None, verb_extension=<colcon_core.verb.build.BuildVerb object at 0x7f3f17c21b80>, verb_name='build', verb_parser=<colcon_defaults.argument_parser.defaults.DefaultArgumentsDecorator object at 0x7f3f17c2e130>)
[0.652s] Level 1:colcon.colcon_core.package_discovery:discover_packages(colcon_meta) check parameters
[0.652s] Level 1:colcon.colcon_core.package_discovery:discover_packages(recursive) check parameters
[0.652s] Level 1:colcon.colcon_core.package_discovery:discover_packages(ignore) check parameters
[0.652s] Level 1:colcon.colcon_core.package_discovery:discover_packages(path) check parameters
[0.652s] Level 1:colcon.colcon_core.package_discovery:discover_packages(colcon_meta) discover
[0.652s] Level 1:colcon.colcon_core.package_discovery:discover_packages(recursive) discover
[0.652s] INFO:colcon.colcon_core.package_discovery:Crawling recursively for packages in '/home/yahboom/Final_S25_RobotProgramming_Galactic'
[0.652s] Level 1:colcon.colcon_core.package_identification:_identify(.) by extensions ['ignore', 'ignore_ament_install']
[0.652s] Level 1:colcon.colcon_core.package_identification:_identify(.) by extension 'ignore'
[0.653s] Level 1:colcon.colcon_core.package_identification:_identify(.) by extension 'ignore_ament_install'
[0.653s] Level 1:colcon.colcon_core.package_identification:_identify(.) by extensions ['colcon_pkg']
[0.653s] Level 1:colcon.colcon_core.package_identification:_identify(.) by extension 'colcon_pkg'
[0.653s] Level 1:colcon.colcon_core.package_identification:_identify(.) by extensions ['colcon_meta']
[0.653s] Level 1:colcon.colcon_core.package_identification:_identify(.) by extension 'colcon_meta'
[0.653s] Level 1:colcon.colcon_core.package_identification:_identify(.) by extensions ['ros']
[0.653s] Level 1:colcon.colcon_core.package_identification:_identify(.) by extension 'ros'
[0.707s] Level 1:colcon.colcon_core.package_identification:_identify(.) by extensions ['cmake', 'python']
[0.707s] Level 1:colcon.colcon_core.package_identification:_identify(.) by extension 'cmake'
[0.707s] Level 1:colcon.colcon_core.package_identification:_identify(.) by extension 'python'
[0.707s] Level 1:colcon.colcon_core.package_identification:_identify(.) by extensions ['python_setup_py']
[0.707s] Level 1:colcon.colcon_core.package_identification:_identify(.) by extension 'python_setup_py'
[0.707s] Level 1:colcon.colcon_core.package_identification:_identify(build) by extensions ['ignore', 'ignore_ament_install']
[0.707s] Level 1:colcon.colcon_core.package_identification:_identify(build) by extension 'ignore'
[0.707s] Level 1:colcon.colcon_core.package_identification:_identify(build) ignored
[0.708s] Level 1:colcon.colcon_core.package_identification:_identify(install) by extensions ['ignore', 'ignore_ament_install']
[0.708s] Level 1:colcon.colcon_core.package_identification:_identify(install) by extension 'ignore'
[0.708s] Level 1:colcon.colcon_core.package_identification:_identify(install) ignored
[0.708s] Level 1:colcon.colcon_core.package_identification:_identify(log) by extensions ['ignore', 'ignore_ament_install']
[0.708s] Level 1:colcon.colcon_core.package_identification:_identify(log) by extension 'ignore'
[0.708s] Level 1:colcon.colcon_core.package_identification:_identify(log) ignored
[0.709s] Level 1:colcon.colcon_core.package_identification:_identify(src) by extensions ['ignore', 'ignore_ament_install']
[0.709s] Level 1:colcon.colcon_core.package_identification:_identify(src) by extension 'ignore'
[0.709s] Level 1:colcon.colcon_core.package_identification:_identify(src) by extension 'ignore_ament_install'
[0.709s] Level 1:colcon.colcon_core.package_identification:_identify(src) by extensions ['colcon_pkg']
[0.709s] Level 1:colcon.colcon_core.package_identification:_identify(src) by extension 'colcon_pkg'
[0.709s] Level 1:colcon.colcon_core.package_identification:_identify(src) by extensions ['colcon_meta']
[0.709s] Level 1:colcon.colcon_core.package_identification:_identify(src) by extension 'colcon_meta'
[0.709s] Level 1:colcon.colcon_core.package_identification:_identify(src) by extensions ['ros']
[0.709s] Level 1:colcon.colcon_core.package_identification:_identify(src) by extension 'ros'
[0.709s] Level 1:colcon.colcon_core.package_identification:_identify(src) by extensions ['cmake', 'python']
[0.709s] Level 1:colcon.colcon_core.package_identification:_identify(src) by extension 'cmake'
[0.709s] Level 1:colcon.colcon_core.package_identification:_identify(src) by extension 'python'
[0.709s] Level 1:colcon.colcon_core.package_identification:_identify(src) by extensions ['python_setup_py']
[0.709s] Level 1:colcon.colcon_core.package_identification:_identify(src) by extension 'python_setup_py'
[0.710s] Level 1:colcon.colcon_core.package_identification:_identify(src/colorcap) by extensions ['ignore', 'ignore_ament_install']
[0.710s] Level 1:colcon.colcon_core.package_identification:_identify(src/colorcap) by extension 'ignore'
[0.710s] Level 1:colcon.colcon_core.package_identification:_identify(src/colorcap) by extension 'ignore_ament_install'
[0.710s] Level 1:colcon.colcon_core.package_identification:_identify(src/colorcap) by extensions ['colcon_pkg']
[0.710s] Level 1:colcon.colcon_core.package_identification:_identify(src/colorcap) by extension 'colcon_pkg'
[0.710s] Level 1:colcon.colcon_core.package_identification:_identify(src/colorcap) by extensions ['colcon_meta']
[0.710s] Level 1:colcon.colcon_core.package_identification:_identify(src/colorcap) by extension 'colcon_meta'
[0.710s] Level 1:colcon.colcon_core.package_identification:_identify(src/colorcap) by extensions ['ros']
[0.710s] Level 1:colcon.colcon_core.package_identification:_identify(src/colorcap) by extension 'ros'
[0.716s] DEBUG:colcon.colcon_core.package_identification:Package 'src/colorcap' with type 'ros.ament_python' and name 'colorcap'
[0.716s] Level 1:colcon.colcon_core.package_identification:_identify(src/colorid) by extensions ['ignore', 'ignore_ament_install']
[0.717s] Level 1:colcon.colcon_core.package_identification:_identify(src/colorid) by extension 'ignore'
[0.717s] Level 1:colcon.colcon_core.package_identification:_identify(src/colorid) by extension 'ignore_ament_install'
[0.717s] Level 1:colcon.colcon_core.package_identification:_identify(src/colorid) by extensions ['colcon_pkg']
[0.717s] Level 1:colcon.colcon_core.package_identification:_identify(src/colorid) by extension 'colcon_pkg'
[0.717s] Level 1:colcon.colcon_core.package_identification:_identify(src/colorid) by extensions ['colcon_meta']
[0.717s] Level 1:colcon.colcon_core.package_identification:_identify(src/colorid) by extension 'colcon_meta'
[0.717s] Level 1:colcon.colcon_core.package_identification:_identify(src/colorid) by extensions ['ros']
[0.717s] Level 1:colcon.colcon_core.package_identification:_identify(src/colorid) by extension 'ros'
[0.719s] DEBUG:colcon.colcon_core.package_identification:Package 'src/colorid' with type 'ros.ament_python' and name 'color_detection'
[0.719s] Level 1:colcon.colcon_core.package_discovery:discover_packages(recursive) using defaults
[0.719s] Level 1:colcon.colcon_core.package_discovery:discover_packages(ignore) discover
[0.719s] Level 1:colcon.colcon_core.package_discovery:discover_packages(ignore) using defaults
[0.719s] Level 1:colcon.colcon_core.package_discovery:discover_packages(path) discover
[0.719s] Level 1:colcon.colcon_core.package_discovery:discover_packages(path) using defaults
[0.769s] Level 1:colcon.colcon_core.package_discovery:discover_packages(prefix_path) check parameters
[0.770s] Level 1:colcon.colcon_core.package_discovery:discover_packages(prefix_path) discover
[0.779s] DEBUG:colcon.colcon_installed_package_information.package_discovery:Found 3 installed packages in /home/yahboom/Final_S25_RobotProgramming_Galactic/install
[0.781s] DEBUG:colcon.colcon_installed_package_information.package_discovery:Found 10 installed packages in /home/yahboom/yahboomcar_ros2_ws/software/library_ws/install
[0.782s] DEBUG:colcon.colcon_installed_package_information.package_discovery:Found 20 installed packages in /home/yahboom/yahboomcar_ros2_ws/yahboomcar_ws/install
[0.785s] DEBUG:colcon.colcon_installed_package_information.package_discovery:Found 349 installed packages in /opt/ros/foxy
[0.788s] Level 1:colcon.colcon_core.package_discovery:discover_packages(prefix_path) using defaults
[0.946s] Level 5:colcon.colcon_core.verb:set package 'color_detection' build argument 'cmake_args' from command line to 'None'
[0.946s] Level 5:colcon.colcon_core.verb:set package 'color_detection' build argument 'cmake_target' from command line to 'None'
[0.946s] Level 5:colcon.colcon_core.verb:set package 'color_detection' build argument 'cmake_target_skip_unavailable' from command line to 'False'
[0.946s] Level 5:colcon.colcon_core.verb:set package 'color_detection' build argument 'cmake_clean_cache' from command line to 'False'
[0.946s] Level 5:colcon.colcon_core.verb:set package 'color_detection' build argument 'cmake_clean_first' from command line to 'False'
[0.946s] Level 5:colcon.colcon_core.verb:set package 'color_detection' build argument 'cmake_force_configure' from command line to 'False'
[0.946s] Level 5:colcon.colcon_core.verb:set package 'color_detection' build argument 'ament_cmake_args' from command line to 'None'
[0.946s] Level 5:colcon.colcon_core.verb:set package 'color_detection' build argument 'catkin_cmake_args' from command line to 'None'
[0.946s] Level 5:colcon.colcon_core.verb:set package 'color_detection' build argument 'catkin_skip_building_tests' from command line to 'False'
[0.946s] DEBUG:colcon.colcon_core.verb:Building package 'color_detection' with the following arguments: {'ament_cmake_args': None, 'build_base': '/home/yahboom/Final_S25_RobotProgramming_Galactic/build/color_detection', 'catkin_cmake_args': None, 'catkin_skip_building_tests': False, 'cmake_args': None, 'cmake_clean_cache': False, 'cmake_clean_first': False, 'cmake_force_configure': False, 'cmake_target': None, 'cmake_target_skip_unavailable': False, 'install_base': '/home/yahboom/Final_S25_RobotProgramming_Galactic/install/color_detection', 'merge_install': False, 'path': '/home/yahboom/Final_S25_RobotProgramming_Galactic/src/colorid', 'symlink_install': False, 'test_result_base': None}
[0.947s] Level 5:colcon.colcon_core.verb:set package 'colorcap' build argument 'cmake_args' from command line to 'None'
[0.947s] Level 5:colcon.colcon_core.verb:set package 'colorcap' build argument 'cmake_target' from command line to 'None'
[0.947s] Level 5:colcon.colcon_core.verb:set package 'colorcap' build argument 'cmake_target_skip_unavailable' from command line to 'False'
[0.947s] Level 5:colcon.colcon_core.verb:set package 'colorcap' build argument 'cmake_clean_cache' from command line to 'False'
[0.947s] Level 5:colcon.colcon_core.verb:set package 'colorcap' build argument 'cmake_clean_first' from command line to 'False'
[0.947s] Level 5:colcon.colcon_core.verb:set package 'colorcap' build argument 'cmake_force_configure' from command line to 'False'
[0.947s] Level 5:colcon.colcon_core.verb:set package 'colorcap' build argument 'ament_cmake_args' from command line to 'None'
[0.947s] Level 5:colcon.colcon_core.verb:set package 'colorcap' build argument 'catkin_cmake_args' from command line to 'None'
[0.947s] Level 5:colcon.colcon_core.verb:set package 'colorcap' build argument 'catkin_skip_building_tests' from command line to 'False'
[0.947s] DEBUG:colcon.colcon_core.verb:Building package 'colorcap' with the following arguments: {'ament_cmake_args': None, 'build_base': '/home/yahboom/Final_S25_RobotProgramming_Galactic/build/colorcap', 'catkin_cmake_args': None, 'catkin_skip_building_tests': False, 'cmake_args': None, 'cmake_clean_cache': False, 'cmake_clean_first': False, 'cmake_force_configure': False, 'cmake_target': None, 'cmake_target_skip_unavailable': False, 'install_base': '/home/yahboom/Final_S25_RobotProgramming_Galactic/install/colorcap', 'merge_install': False, 'path': '/home/yahboom/Final_S25_RobotProgramming_Galactic/src/colorcap', 'symlink_install': False, 'test_result_base': None}
[0.948s] INFO:colcon.colcon_core.executor:Executing jobs using 'parallel' executor
[0.952s] DEBUG:colcon.colcon_parallel_executor.executor.parallel:run_until_complete
[0.953s] INFO:colcon.colcon_ros.task.ament_python.build:Building ROS package in '/home/yahboom/Final_S25_RobotProgramming_Galactic/src/colorid' with build type 'ament_python'
[0.953s] Level 1:colcon.colcon_core.shell:create_environment_hook('color_detection', 'ament_prefix_path')
[0.970s] INFO:colcon.colcon_core.plugin_system:Skipping extension 'colcon_core.shell.bat': Not used on non-Windows systems
[0.971s] INFO:colcon.colcon_core.shell:Creating environment hook '/home/yahboom/Final_S25_RobotProgramming_Galactic/install/color_detection/share/color_detection/hook/ament_prefix_path.ps1'
[0.973s] INFO:colcon.colcon_core.shell:Creating environment descriptor '/home/yahboom/Final_S25_RobotProgramming_Galactic/install/color_detection/share/color_detection/hook/ament_prefix_path.dsv'
[0.974s] INFO:colcon.colcon_core.shell:Creating environment hook '/home/yahboom/Final_S25_RobotProgramming_Galactic/install/color_detection/share/color_detection/hook/ament_prefix_path.sh'
[0.977s] INFO:colcon.colcon_core.shell:Skip shell extension 'powershell' for command environment: Not usable outside of PowerShell
[0.977s] DEBUG:colcon.colcon_core.shell:Skip shell extension 'dsv' for command environment
[0.991s] INFO:colcon.colcon_ros.task.ament_python.build:Building ROS package in '/home/yahboom/Final_S25_RobotProgramming_Galactic/src/colorcap' with build type 'ament_python'
[0.992s] Level 1:colcon.colcon_core.shell:create_environment_hook('colorcap', 'ament_prefix_path')
[0.994s] INFO:colcon.colcon_core.shell:Creating environment hook '/home/yahboom/Final_S25_RobotProgramming_Galactic/install/colorcap/share/colorcap/hook/ament_prefix_path.ps1'
[0.996s] INFO:colcon.colcon_core.shell:Creating environment descriptor '/home/yahboom/Final_S25_RobotProgramming_Galactic/install/colorcap/share/colorcap/hook/ament_prefix_path.dsv'
[0.997s] INFO:colcon.colcon_core.shell:Creating environment hook '/home/yahboom/Final_S25_RobotProgramming_Galactic/install/colorcap/share/colorcap/hook/ament_prefix_path.sh'
[1.000s] INFO:colcon.colcon_core.shell:Skip shell extension 'powershell' for command environment: Not usable outside of PowerShell
[1.000s] DEBUG:colcon.colcon_core.shell:Skip shell extension 'dsv' for command environment
[1.311s] WARNING:colcon.colcon_ros.task.ament_python.build:Package 'color_detection' doesn't explicitly install a marker in the package index (colcon-ros currently does it implicitly but that fallback will be removed in the future)
[1.311s] WARNING:colcon.colcon_ros.task.ament_python.build:Package 'color_detection' doesn't explicitly install the 'package.xml' file (colcon-ros currently does it implicitly but that fallback will be removed in the future)
[1.312s] INFO:colcon.colcon_core.task.python.build:Building Python package in '/home/yahboom/Final_S25_RobotProgramming_Galactic/src/colorid'
[1.313s] INFO:colcon.colcon_core.shell:Skip shell extension 'powershell' for command environment: Not usable outside of PowerShell
[1.313s] DEBUG:colcon.colcon_core.shell:Skip shell extension 'dsv' for command environment
[1.594s] INFO:colcon.colcon_core.task.python.build:Building Python package in '/home/yahboom/Final_S25_RobotProgramming_Galactic/src/colorcap'
[1.596s] INFO:colcon.colcon_core.shell:Skip shell extension 'powershell' for command environment: Not usable outside of PowerShell
[1.596s] DEBUG:colcon.colcon_core.shell:Skip shell extension 'dsv' for command environment
[2.378s] DEBUG:colcon.colcon_core.event_handler.log_command:Invoking command in '/home/yahboom/Final_S25_RobotProgramming_Galactic/src/colorcap': PYTHONPATH=/home/yahboom/Final_S25_RobotProgramming_Galactic/build/colorcap/prefix_override:/home/yahboom/Final_S25_RobotProgramming_Galactic/install/colorcap/lib/python3.8/site-packages:${PYTHONPATH} /usr/bin/python3 setup.py egg_info --egg-base ../../build/colorcap build --build-base /home/yahboom/Final_S25_RobotProgramming_Galactic/build/colorcap/build install --record /home/yahboom/Final_S25_RobotProgramming_Galactic/build/colorcap/install.log --install-scripts $base/lib/colorcap --single-version-externally-managed
[2.392s] DEBUG:colcon.colcon_core.event_handler.log_command:Invoking command in '/home/yahboom/Final_S25_RobotProgramming_Galactic/src/colorid': PYTHONPATH=/home/yahboom/Final_S25_RobotProgramming_Galactic/build/color_detection/prefix_override:/home/yahboom/Final_S25_RobotProgramming_Galactic/install/color_detection/lib/python3.8/site-packages:${PYTHONPATH} /usr/bin/python3 setup.py egg_info --egg-base ../../build/color_detection build --build-base /home/yahboom/Final_S25_RobotProgramming_Galactic/build/color_detection/build install --record /home/yahboom/Final_S25_RobotProgramming_Galactic/build/color_detection/install.log --install-scripts $base/lib/colorid --single-version-externally-managed
[2.796s] DEBUG:colcon.colcon_core.event_handler.log_command:Invoked command in '/home/yahboom/Final_S25_RobotProgramming_Galactic/src/colorcap' returned '0': PYTHONPATH=/home/yahboom/Final_S25_RobotProgramming_Galactic/build/colorcap/prefix_override:/home/yahboom/Final_S25_RobotProgramming_Galactic/install/colorcap/lib/python3.8/site-packages:${PYTHONPATH} /usr/bin/python3 setup.py egg_info --egg-base ../../build/colorcap build --build-base /home/yahboom/Final_S25_RobotProgramming_Galactic/build/colorcap/build install --record /home/yahboom/Final_S25_RobotProgramming_Galactic/build/colorcap/install.log --install-scripts $base/lib/colorcap --single-version-externally-managed
[2.813s] Level 1:colcon.colcon_core.environment:checking '/home/yahboom/Final_S25_RobotProgramming_Galactic/install/colorcap' for CMake module files
[2.813s] Level 1:colcon.colcon_core.environment:checking '/home/yahboom/Final_S25_RobotProgramming_Galactic/install/colorcap' for CMake config files
[2.814s] Level 1:colcon.colcon_core.environment:checking '/home/yahboom/Final_S25_RobotProgramming_Galactic/install/colorcap/lib'
[2.814s] Level 1:colcon.colcon_core.environment:checking '/home/yahboom/Final_S25_RobotProgramming_Galactic/install/colorcap/bin'
[2.814s] Level 1:colcon.colcon_core.environment:checking '/home/yahboom/Final_S25_RobotProgramming_Galactic/install/colorcap/lib/pkgconfig/colorcap.pc'
[2.815s] Level 1:colcon.colcon_core.environment:checking '/home/yahboom/Final_S25_RobotProgramming_Galactic/install/colorcap/lib/python3.8/site-packages'
[2.815s] Level 1:colcon.colcon_core.shell:create_environment_hook('colorcap', 'pythonpath')
[2.816s] INFO:colcon.colcon_core.shell:Creating environment hook '/home/yahboom/Final_S25_RobotProgramming_Galactic/install/colorcap/share/colorcap/hook/pythonpath.ps1'
[2.817s] INFO:colcon.colcon_core.shell:Creating environment descriptor '/home/yahboom/Final_S25_RobotProgramming_Galactic/install/colorcap/share/colorcap/hook/pythonpath.dsv'
[2.818s] INFO:colcon.colcon_core.shell:Creating environment hook '/home/yahboom/Final_S25_RobotProgramming_Galactic/install/colorcap/share/colorcap/hook/pythonpath.sh'
[2.819s] Level 1:colcon.colcon_core.environment:checking '/home/yahboom/Final_S25_RobotProgramming_Galactic/install/colorcap/bin'
[2.819s] Level 1:colcon.colcon_core.environment:create_environment_scripts_only(colorcap)
[2.821s] INFO:colcon.colcon_core.shell:Creating package script '/home/yahboom/Final_S25_RobotProgramming_Galactic/install/colorcap/share/colorcap/package.ps1'
[2.822s] INFO:colcon.colcon_core.shell:Creating package descriptor '/home/yahboom/Final_S25_RobotProgramming_Galactic/install/colorcap/share/colorcap/package.dsv'
[2.824s] INFO:colcon.colcon_core.shell:Creating package script '/home/yahboom/Final_S25_RobotProgramming_Galactic/install/colorcap/share/colorcap/package.sh'
[2.825s] INFO:colcon.colcon_core.shell:Creating package script '/home/yahboom/Final_S25_RobotProgramming_Galactic/install/colorcap/share/colorcap/package.bash'
[2.827s] INFO:colcon.colcon_core.shell:Creating package script '/home/yahboom/Final_S25_RobotProgramming_Galactic/install/colorcap/share/colorcap/package.zsh'
[2.829s] Level 1:colcon.colcon_core.environment:create_file_with_runtime_dependencies(/home/yahboom/Final_S25_RobotProgramming_Galactic/install/colorcap/share/colcon-core/packages/colorcap)
[2.833s] Level 1:colcon.colcon_core.environment:checking '/home/yahboom/Final_S25_RobotProgramming_Galactic/install/color_detection' for CMake module files
[2.834s] DEBUG:colcon.colcon_core.event_handler.log_command:Invoked command in '/home/yahboom/Final_S25_RobotProgramming_Galactic/src/colorid' returned '0': PYTHONPATH=/home/yahboom/Final_S25_RobotProgramming_Galactic/build/color_detection/prefix_override:/home/yahboom/Final_S25_RobotProgramming_Galactic/install/color_detection/lib/python3.8/site-packages:${PYTHONPATH} /usr/bin/python3 setup.py egg_info --egg-base ../../build/color_detection build --build-base /home/yahboom/Final_S25_RobotProgramming_Galactic/build/color_detection/build install --record /home/yahboom/Final_S25_RobotProgramming_Galactic/build/color_detection/install.log --install-scripts $base/lib/colorid --single-version-externally-managed
[2.835s] Level 1:colcon.colcon_core.environment:checking '/home/yahboom/Final_S25_RobotProgramming_Galactic/install/color_detection' for CMake config files
[2.835s] Level 1:colcon.colcon_core.environment:checking '/home/yahboom/Final_S25_RobotProgramming_Galactic/install/color_detection/lib'
[2.835s] Level 1:colcon.colcon_core.environment:checking '/home/yahboom/Final_S25_RobotProgramming_Galactic/install/color_detection/bin'
[2.836s] Level 1:colcon.colcon_core.environment:checking '/home/yahboom/Final_S25_RobotProgramming_Galactic/install/color_detection/lib/pkgconfig/color_detection.pc'
[2.836s] Level 1:colcon.colcon_core.environment:checking '/home/yahboom/Final_S25_RobotProgramming_Galactic/install/color_detection/lib/python3.8/site-packages'
[2.836s] Level 1:colcon.colcon_core.shell:create_environment_hook('color_detection', 'pythonpath')
[2.837s] INFO:colcon.colcon_core.shell:Creating environment hook '/home/yahboom/Final_S25_RobotProgramming_Galactic/install/color_detection/share/color_detection/hook/pythonpath.ps1'
[2.838s] INFO:colcon.colcon_core.shell:Creating environment descriptor '/home/yahboom/Final_S25_RobotProgramming_Galactic/install/color_detection/share/color_detection/hook/pythonpath.dsv'
[2.838s] INFO:colcon.colcon_core.shell:Creating environment hook '/home/yahboom/Final_S25_RobotProgramming_Galactic/install/color_detection/share/color_detection/hook/pythonpath.sh'
[2.839s] Level 1:colcon.colcon_core.environment:checking '/home/yahboom/Final_S25_RobotProgramming_Galactic/install/color_detection/bin'
[2.839s] Level 1:colcon.colcon_core.environment:create_environment_scripts_only(color_detection)
[2.840s] INFO:colcon.colcon_core.shell:Creating package script '/home/yahboom/Final_S25_RobotProgramming_Galactic/install/color_detection/share/color_detection/package.ps1'
[2.841s] INFO:colcon.colcon_core.shell:Creating package descriptor '/home/yahboom/Final_S25_RobotProgramming_Galactic/install/color_detection/share/color_detection/package.dsv'
[2.842s] INFO:colcon.colcon_core.shell:Creating package script '/home/yahboom/Final_S25_RobotProgramming_Galactic/install/color_detection/share/color_detection/package.sh'
[2.843s] INFO:colcon.colcon_core.shell:Creating package script '/home/yahboom/Final_S25_RobotProgramming_Galactic/install/color_detection/share/color_detection/package.bash'
[2.843s] INFO:colcon.colcon_core.shell:Creating package script '/home/yahboom/Final_S25_RobotProgramming_Galactic/install/color_detection/share/color_detection/package.zsh'
[2.844s] Level 1:colcon.colcon_core.environment:create_file_with_runtime_dependencies(/home/yahboom/Final_S25_RobotProgramming_Galactic/install/color_detection/share/colcon-core/packages/color_detection)
[2.845s] DEBUG:colcon.colcon_parallel_executor.executor.parallel:closing loop
[2.845s] DEBUG:colcon.colcon_parallel_executor.executor.parallel:loop closed
[2.845s] DEBUG:colcon.colcon_parallel_executor.executor.parallel:run_until_complete finished with '0'
[2.845s] DEBUG:colcon.colcon_core.event_reactor:joining thread
[2.855s] INFO:colcon.colcon_core.plugin_system:Skipping extension 'colcon_notification.desktop_notification.terminal_notifier': Not used on non-Darwin systems
[2.855s] INFO:colcon.colcon_core.plugin_system:Skipping extension 'colcon_notification.desktop_notification.win32': Not used on non-Windows systems
[2.855s] INFO:colcon.colcon_notification.desktop_notification:Sending desktop notification using 'notify2'
[2.882s] DEBUG:colcon.colcon_core.event_reactor:joined thread
[2.884s] INFO:colcon.colcon_core.shell:Creating prefix script '/home/yahboom/Final_S25_RobotProgramming_Galactic/install/local_setup.ps1'
[2.886s] INFO:colcon.colcon_core.shell:Creating prefix util module '/home/yahboom/Final_S25_RobotProgramming_Galactic/install/_local_setup_util_ps1.py'
[2.888s] INFO:colcon.colcon_core.shell:Creating prefix chain script '/home/yahboom/Final_S25_RobotProgramming_Galactic/install/setup.ps1'
[2.892s] INFO:colcon.colcon_core.shell:Creating prefix script '/home/yahboom/Final_S25_RobotProgramming_Galactic/install/local_setup.sh'
[2.893s] INFO:colcon.colcon_core.shell:Creating prefix util module '/home/yahboom/Final_S25_RobotProgramming_Galactic/install/_local_setup_util_sh.py'
[2.894s] INFO:colcon.colcon_core.shell:Creating prefix chain script '/home/yahboom/Final_S25_RobotProgramming_Galactic/install/setup.sh'
[2.898s] INFO:colcon.colcon_core.shell:Creating prefix script '/home/yahboom/Final_S25_RobotProgramming_Galactic/install/local_setup.bash'
[2.901s] INFO:colcon.colcon_core.shell:Creating prefix chain script '/home/yahboom/Final_S25_RobotProgramming_Galactic/install/setup.bash'
[2.905s] INFO:colcon.colcon_core.shell:Creating prefix script '/home/yahboom/Final_S25_RobotProgramming_Galactic/install/local_setup.zsh'
[2.907s] INFO:colcon.colcon_core.shell:Creating prefix chain script '/home/yahboom/Final_S25_RobotProgramming_Galactic/install/setup.zsh'
