[1.373s] Invoking command in '/home/yahboom/Final_S25_RobotProgramming_Galactic/src/colorid': PYTHONPATH=/home/yahboom/Final_S25_RobotProgramming_Galactic/build/color_detection/prefix_override:/home/yahboom/Final_S25_RobotProgramming_Galactic/install/color_detection/lib/python3.8/site-packages:${PYTHONPATH} /usr/bin/python3 setup.py egg_info --egg-base ../../build/color_detection build --build-base /home/yahboom/Final_S25_RobotProgramming_Galactic/build/color_detection/build install --record /home/yahboom/Final_S25_RobotProgramming_Galactic/build/color_detection/install.log --install-scripts $base/lib/colorid --single-version-externally-managed
[1.652s] running egg_info
[1.653s] writing ../../build/color_detection/colorid.egg-info/PKG-INFO
[1.664s] writing dependency_links to ../../build/color_detection/colorid.egg-info/dependency_links.txt
[1.665s] writing entry points to ../../build/color_detection/colorid.egg-info/entry_points.txt
[1.665s] writing requirements to ../../build/color_detection/colorid.egg-info/requires.txt
[1.665s] writing top-level names to ../../build/color_detection/colorid.egg-info/top_level.txt
[1.716s] reading manifest file '../../build/color_detection/colorid.egg-info/SOURCES.txt'
[1.717s] writing manifest file '../../build/color_detection/colorid.egg-info/SOURCES.txt'
[1.717s] running build
[1.717s] running build_py
[1.719s] running install
[1.720s] running install_lib
[1.723s] running install_data
[1.725s] running install_egg_info
[1.728s] removing '/home/yahboom/Final_S25_RobotProgramming_Galactic/install/color_detection/lib/python3.8/site-packages/colorid-0.0.0-py3.8.egg-info' (and everything under it)
[1.729s] Copying ../../build/color_detection/colorid.egg-info to /home/yahboom/Final_S25_RobotProgramming_Galactic/install/color_detection/lib/python3.8/site-packages/colorid-0.0.0-py3.8.egg-info
[1.731s] running install_scripts
[1.754s] Installing color_detector script to /home/yahboom/Final_S25_RobotProgramming_Galactic/install/color_detection/lib/colorid
[1.756s] Installing color_subscriber script to /home/yahboom/Final_S25_RobotProgramming_Galactic/install/color_detection/lib/colorid
[1.757s] writing list of installed files to '/home/yahboom/Final_S25_RobotProgramming_Galactic/build/color_detection/install.log'
[1.803s] Invoked command in '/home/yahboom/Final_S25_RobotProgramming_Galactic/src/colorid' returned '0': PYTHONPATH=/home/yahboom/Final_S25_RobotProgramming_Galactic/build/color_detection/prefix_override:/home/yahboom/Final_S25_RobotProgramming_Galactic/install/color_detection/lib/python3.8/site-packages:${PYTHONPATH} /usr/bin/python3 setup.py egg_info --egg-base ../../build/color_detection build --build-base /home/yahboom/Final_S25_RobotProgramming_Galactic/build/color_detection/build install --record /home/yahboom/Final_S25_RobotProgramming_Galactic/build/color_detection/install.log --install-scripts $base/lib/colorid --single-version-externally-managed
