running egg_info
writing ../../build/color_detection/colorid.egg-info/PKG-INFO
writing dependency_links to ../../build/color_detection/colorid.egg-info/dependency_links.txt
writing entry points to ../../build/color_detection/colorid.egg-info/entry_points.txt
writing requirements to ../../build/color_detection/colorid.egg-info/requires.txt
writing top-level names to ../../build/color_detection/colorid.egg-info/top_level.txt
reading manifest file '../../build/color_detection/colorid.egg-info/SOURCES.txt'
writing manifest file '../../build/color_detection/colorid.egg-info/SOURCES.txt'
running build
running build_py
running install
running install_lib
running install_data
running install_egg_info
removing '/home/yahboom/Final_S25_RobotProgramming_Galactic/install/color_detection/lib/python3.8/site-packages/colorid-0.0.0-py3.8.egg-info' (and everything under it)
Copying ../../build/color_detection/colorid.egg-info to /home/yahboom/Final_S25_RobotProgramming_Galactic/install/color_detection/lib/python3.8/site-packages/colorid-0.0.0-py3.8.egg-info
running install_scripts
Installing color_detector script to /home/yahboom/Final_S25_RobotProgramming_Galactic/install/color_detection/lib/colorid
Installing color_subscriber script to /home/yahboom/Final_S25_RobotProgramming_Galactic/install/color_detection/lib/colorid
writing list of installed files to '/home/yahboom/Final_S25_RobotProgramming_Galactic/build/color_detection/install.log'
