[2.274s] Invoking command in '/home/yahboom/Final_S25_RobotProgramming_Galactic/src/colorid': PYTHONPATH=/home/yahboom/Final_S25_RobotProgramming_Galactic/build/color_detection/prefix_override:/home/yahboom/Final_S25_RobotProgramming_Galactic/install/color_detection/lib/python3.8/site-packages:${PYTHONPATH} /usr/bin/python3 setup.py egg_info --egg-base ../../build/color_detection build --build-base /home/yahboom/Final_S25_RobotProgramming_Galactic/build/color_detection/build install --record /home/yahboom/Final_S25_RobotProgramming_Galactic/build/color_detection/install.log --install-scripts $base/lib/colorid --single-version-externally-managed
[2.746s] running egg_info
[2.747s] writing ../../build/color_detection/colorid.egg-info/PKG-INFO
[2.748s] writing dependency_links to ../../build/color_detection/colorid.egg-info/dependency_links.txt
[2.748s] writing entry points to ../../build/color_detection/colorid.egg-info/entry_points.txt
[2.748s] writing requirements to ../../build/color_detection/colorid.egg-info/requires.txt
[2.749s] writing top-level names to ../../build/color_detection/colorid.egg-info/top_level.txt
[2.801s] reading manifest file '../../build/color_detection/colorid.egg-info/SOURCES.txt'
[2.802s] writing manifest file '../../build/color_detection/colorid.egg-info/SOURCES.txt'
[2.802s] running build
[2.802s] running build_py
[2.802s] running install
[2.805s] running install_lib
[2.808s] running install_data
[2.809s] running install_egg_info
[2.811s] removing '/home/yahboom/Final_S25_RobotProgramming_Galactic/install/color_detection/lib/python3.8/site-packages/colorid-0.0.0-py3.8.egg-info' (and everything under it)
[2.812s] Copying ../../build/color_detection/colorid.egg-info to /home/yahboom/Final_S25_RobotProgramming_Galactic/install/color_detection/lib/python3.8/site-packages/colorid-0.0.0-py3.8.egg-info
[2.813s] running install_scripts
[2.848s] Installing color_detector script to /home/yahboom/Final_S25_RobotProgramming_Galactic/install/color_detection/lib/colorid
[2.849s] Installing color_subscriber script to /home/yahboom/Final_S25_RobotProgramming_Galactic/install/color_detection/lib/colorid
[2.849s] writing list of installed files to '/home/yahboom/Final_S25_RobotProgramming_Galactic/build/color_detection/install.log'
[2.899s] Invoked command in '/home/yahboom/Final_S25_RobotProgramming_Galactic/src/colorid' returned '0': PYTHONPATH=/home/yahboom/Final_S25_RobotProgramming_Galactic/build/color_detection/prefix_override:/home/yahboom/Final_S25_RobotProgramming_Galactic/install/color_detection/lib/python3.8/site-packages:${PYTHONPATH} /usr/bin/python3 setup.py egg_info --egg-base ../../build/color_detection build --build-base /home/yahboom/Final_S25_RobotProgramming_Galactic/build/color_detection/build install --record /home/yahboom/Final_S25_RobotProgramming_Galactic/build/color_detection/install.log --install-scripts $base/lib/colorid --single-version-externally-managed
