[2.285s] Invoking command in '/home/yahboom/Final_S25_RobotProgramming_Galactic/src/colorcap': PYTHONPATH=/home/yahboom/Final_S25_RobotProgramming_Galactic/build/colorcap/prefix_override:/home/yahboom/Final_S25_RobotProgramming_Galactic/install/colorcap/lib/python3.8/site-packages:${PYTHONPATH} /usr/bin/python3 setup.py egg_info --egg-base ../../build/colorcap build --build-base /home/yahboom/Final_S25_RobotProgramming_Galactic/build/colorcap/build install --record /home/yahboom/Final_S25_RobotProgramming_Galactic/build/colorcap/install.log --install-scripts $base/lib/colorcap --single-version-externally-managed
[2.718s] running egg_info
[2.719s] writing ../../build/colorcap/colorcap.egg-info/PKG-INFO
[2.721s] writing dependency_links to ../../build/colorcap/colorcap.egg-info/dependency_links.txt
[2.722s] writing entry points to ../../build/colorcap/colorcap.egg-info/entry_points.txt
[2.723s] writing requirements to ../../build/colorcap/colorcap.egg-info/requires.txt
[2.723s] writing top-level names to ../../build/colorcap/colorcap.egg-info/top_level.txt
[2.784s] reading manifest file '../../build/colorcap/colorcap.egg-info/SOURCES.txt'
[2.785s] writing manifest file '../../build/colorcap/colorcap.egg-info/SOURCES.txt'
[2.786s] running build
[2.787s] running build_py
[2.788s] copying colorcap/cam_sub.py -> /home/yahboom/Final_S25_RobotProgramming_Galactic/build/colorcap/build/lib/colorcap
[2.789s] running install
[2.791s] running install_lib
[2.792s] copying /home/yahboom/Final_S25_RobotProgramming_Galactic/build/colorcap/build/lib/colorcap/cam_sub.py -> /home/yahboom/Final_S25_RobotProgramming_Galactic/install/colorcap/lib/python3.8/site-packages/colorcap
[2.793s] byte-compiling /home/yahboom/Final_S25_RobotProgramming_Galactic/install/colorcap/lib/python3.8/site-packages/colorcap/cam_sub.py to cam_sub.cpython-38.pyc
[2.796s] running install_data
[2.797s] running install_egg_info
[2.800s] removing '/home/yahboom/Final_S25_RobotProgramming_Galactic/install/colorcap/lib/python3.8/site-packages/colorcap-0.0.0-py3.8.egg-info' (and everything under it)
[2.801s] Copying ../../build/colorcap/colorcap.egg-info to /home/yahboom/Final_S25_RobotProgramming_Galactic/install/colorcap/lib/python3.8/site-packages/colorcap-0.0.0-py3.8.egg-info
[2.802s] running install_scripts
[2.832s] Installing webcam_pub script to /home/yahboom/Final_S25_RobotProgramming_Galactic/install/colorcap/lib/colorcap
[2.833s] Installing webcam_sub script to /home/yahboom/Final_S25_RobotProgramming_Galactic/install/colorcap/lib/colorcap
[2.833s] writing list of installed files to '/home/yahboom/Final_S25_RobotProgramming_Galactic/build/colorcap/install.log'
[2.883s] Invoked command in '/home/yahboom/Final_S25_RobotProgramming_Galactic/src/colorcap' returned '0': PYTHONPATH=/home/yahboom/Final_S25_RobotProgramming_Galactic/build/colorcap/prefix_override:/home/yahboom/Final_S25_RobotProgramming_Galactic/install/colorcap/lib/python3.8/site-packages:${PYTHONPATH} /usr/bin/python3 setup.py egg_info --egg-base ../../build/colorcap build --build-base /home/yahboom/Final_S25_RobotProgramming_Galactic/build/colorcap/build install --record /home/yahboom/Final_S25_RobotProgramming_Galactic/build/colorcap/install.log --install-scripts $base/lib/colorcap --single-version-externally-managed
