[0.814s] Invoking command in '/home/yahboom/Final_S25_RobotProgramming_Galactic/src/colorid': PYTHONPATH=/home/yahboom/Final_S25_RobotProgramming_Galactic/build/color_detection/prefix_override:/home/yahboom/Final_S25_RobotProgramming_Galactic/install/color_detection/lib/python3.8/site-packages:${PYTHONPATH} /usr/bin/python3 setup.py egg_info --egg-base ../../build/color_detection build --build-base /home/yahboom/Final_S25_RobotProgramming_Galactic/build/color_detection/build install --record /home/yahboom/Final_S25_RobotProgramming_Galactic/build/color_detection/install.log --install-scripts $base/lib/colorid --single-version-externally-managed
[1.034s] running egg_info
[1.034s] writing ../../build/color_detection/colorid.egg-info/PKG-INFO
[1.035s] writing dependency_links to ../../build/color_detection/colorid.egg-info/dependency_links.txt
[1.035s] writing entry points to ../../build/color_detection/colorid.egg-info/entry_points.txt
[1.035s] writing requirements to ../../build/color_detection/colorid.egg-info/requires.txt
[1.035s] writing top-level names to ../../build/color_detection/colorid.egg-info/top_level.txt
[1.073s] reading manifest file '../../build/color_detection/colorid.egg-info/SOURCES.txt'
[1.074s] writing manifest file '../../build/color_detection/colorid.egg-info/SOURCES.txt'
[1.074s] running build
[1.074s] running build_py
[1.074s] running install
[1.076s] running install_lib
[1.078s] running install_data
[1.078s] running install_egg_info
[1.081s] removing '/home/yahboom/Final_S25_RobotProgramming_Galactic/install/color_detection/lib/python3.8/site-packages/colorid-0.0.0-py3.8.egg-info' (and everything under it)
[1.081s] Copying ../../build/color_detection/colorid.egg-info to /home/yahboom/Final_S25_RobotProgramming_Galactic/install/color_detection/lib/python3.8/site-packages/colorid-0.0.0-py3.8.egg-info
[1.082s] running install_scripts
[1.100s] Installing color_detector script to /home/yahboom/Final_S25_RobotProgramming_Galactic/install/color_detection/lib/colorid
[1.100s] Installing color_subscriber script to /home/yahboom/Final_S25_RobotProgramming_Galactic/install/color_detection/lib/colorid
[1.101s] writing list of installed files to '/home/yahboom/Final_S25_RobotProgramming_Galactic/build/color_detection/install.log'
[1.132s] Invoked command in '/home/yahboom/Final_S25_RobotProgramming_Galactic/src/colorid' returned '0': PYTHONPATH=/home/yahboom/Final_S25_RobotProgramming_Galactic/build/color_detection/prefix_override:/home/yahboom/Final_S25_RobotProgramming_Galactic/install/color_detection/lib/python3.8/site-packages:${PYTHONPATH} /usr/bin/python3 setup.py egg_info --egg-base ../../build/color_detection build --build-base /home/yahboom/Final_S25_RobotProgramming_Galactic/build/color_detection/build install --record /home/yahboom/Final_S25_RobotProgramming_Galactic/build/color_detection/install.log --install-scripts $base/lib/colorid --single-version-externally-managed
