[0.933s] DEBUG:colcon:Command line arguments: ['/usr/bin/colcon', 'build']
[0.934s] DEBUG:colcon:Parsed command line arguments: Namespace(allow_overriding=[], ament_cmake_args=None, base_paths=['.'], build_base='build', catkin_cmake_args=None, catkin_skip_building_tests=False, cmake_args=None, cmake_clean_cache=False, cmake_clean_first=False, cmake_force_configure=False, cmake_target=None, cmake_target_skip_unavailable=False, continue_on_error=False, event_handlers=None, executor='parallel', ignore_user_meta=False, install_base='install', log_base=None, log_level=None, main=<bound method BuildVerb.main of <colcon_core.verb.build.BuildVerb object at 0x7fdeab99c700>>, merge_install=False, metas=['./colcon.meta'], packages_above=None, packages_above_and_dependencies=None, packages_above_depth=None, packages_end=None, packages_ignore=None, packages_ignore_regex=None, packages_select=None, packages_select_build_failed=False, packages_select_by_dep=None, packages_select_regex=None, packages_select_test_failures=False, packages_skip=None, packages_skip_build_finished=False, packages_skip_by_dep=None, packages_skip_regex=None, packages_skip_test_passed=False, packages_skip_up_to=None, packages_start=None, packages_up_to=None, packages_up_to_regex=None, parallel_workers=4, paths=None, symlink_install=False, test_result_base=None, verb_extension=<colcon_core.verb.build.BuildVerb object at 0x7fdeab99c700>, verb_name='build', verb_parser=<colcon_defaults.argument_parser.defaults.DefaultArgumentsDecorator object at 0x7fdeab99cc40>)
[1.016s] Level 1:colcon.colcon_core.package_discovery:discover_packages(colcon_meta) check parameters
[1.016s] Level 1:colcon.colcon_core.package_discovery:discover_packages(recursive) check parameters
[1.016s] Level 1:colcon.colcon_core.package_discovery:discover_packages(ignore) check parameters
[1.016s] Level 1:colcon.colcon_core.package_discovery:discover_packages(path) check parameters
[1.016s] Level 1:colcon.colcon_core.package_discovery:discover_packages(colcon_meta) discover
[1.017s] Level 1:colcon.colcon_core.package_discovery:discover_packages(recursive) discover
[1.017s] INFO:colcon.colcon_core.package_discovery:Crawling recursively for packages in '/home/yahboom/Final_S25_RobotProgramming_Galactic'
[1.017s] Level 1:colcon.colcon_core.package_identification:_identify(.) by extensions ['ignore', 'ignore_ament_install']
[1.017s] Level 1:colcon.colcon_core.package_identification:_identify(.) by extension 'ignore'
[1.017s] Level 1:colcon.colcon_core.package_identification:_identify(.) by extension 'ignore_ament_install'
[1.017s] Level 1:colcon.colcon_core.package_identification:_identify(.) by extensions ['colcon_pkg']
[1.017s] Level 1:colcon.colcon_core.package_identification:_identify(.) by extension 'colcon_pkg'
[1.017s] Level 1:colcon.colcon_core.package_identification:_identify(.) by extensions ['colcon_meta']
[1.017s] Level 1:colcon.colcon_core.package_identification:_identify(.) by extension 'colcon_meta'
[1.017s] Level 1:colcon.colcon_core.package_identification:_identify(.) by extensions ['ros']
[1.017s] Level 1:colcon.colcon_core.package_identification:_identify(.) by extension 'ros'
[1.053s] Level 1:colcon.colcon_core.package_identification:_identify(.) by extensions ['cmake', 'python']
[1.053s] Level 1:colcon.colcon_core.package_identification:_identify(.) by extension 'cmake'
[1.053s] Level 1:colcon.colcon_core.package_identification:_identify(.) by extension 'python'
[1.053s] Level 1:colcon.colcon_core.package_identification:_identify(.) by extensions ['python_setup_py']
[1.053s] Level 1:colcon.colcon_core.package_identification:_identify(.) by extension 'python_setup_py'
[1.054s] Level 1:colcon.colcon_core.package_identification:_identify(build) by extensions ['ignore', 'ignore_ament_install']
[1.054s] Level 1:colcon.colcon_core.package_identification:_identify(build) by extension 'ignore'
[1.054s] Level 1:colcon.colcon_core.package_identification:_identify(build) ignored
[1.054s] Level 1:colcon.colcon_core.package_identification:_identify(captured_images) by extensions ['ignore', 'ignore_ament_install']
[1.054s] Level 1:colcon.colcon_core.package_identification:_identify(captured_images) by extension 'ignore'
[1.054s] Level 1:colcon.colcon_core.package_identification:_identify(captured_images) by extension 'ignore_ament_install'
[1.054s] Level 1:colcon.colcon_core.package_identification:_identify(captured_images) by extensions ['colcon_pkg']
[1.054s] Level 1:colcon.colcon_core.package_identification:_identify(captured_images) by extension 'colcon_pkg'
[1.054s] Level 1:colcon.colcon_core.package_identification:_identify(captured_images) by extensions ['colcon_meta']
[1.054s] Level 1:colcon.colcon_core.package_identification:_identify(captured_images) by extension 'colcon_meta'
[1.054s] Level 1:colcon.colcon_core.package_identification:_identify(captured_images) by extensions ['ros']
[1.054s] Level 1:colcon.colcon_core.package_identification:_identify(captured_images) by extension 'ros'
[1.054s] Level 1:colcon.colcon_core.package_identification:_identify(captured_images) by extensions ['cmake', 'python']
[1.054s] Level 1:colcon.colcon_core.package_identification:_identify(captured_images) by extension 'cmake'
[1.054s] Level 1:colcon.colcon_core.package_identification:_identify(captured_images) by extension 'python'
[1.054s] Level 1:colcon.colcon_core.package_identification:_identify(captured_images) by extensions ['python_setup_py']
[1.054s] Level 1:colcon.colcon_core.package_identification:_identify(captured_images) by extension 'python_setup_py'
[1.054s] Level 1:colcon.colcon_core.package_identification:_identify(install) by extensions ['ignore', 'ignore_ament_install']
[1.054s] Level 1:colcon.colcon_core.package_identification:_identify(install) by extension 'ignore'
[1.055s] Level 1:colcon.colcon_core.package_identification:_identify(install) ignored
[1.055s] Level 1:colcon.colcon_core.package_identification:_identify(log) by extensions ['ignore', 'ignore_ament_install']
[1.055s] Level 1:colcon.colcon_core.package_identification:_identify(log) by extension 'ignore'
[1.055s] Level 1:colcon.colcon_core.package_identification:_identify(log) ignored
[1.055s] Level 1:colcon.colcon_core.package_identification:_identify(src) by extensions ['ignore', 'ignore_ament_install']
[1.055s] Level 1:colcon.colcon_core.package_identification:_identify(src) by extension 'ignore'
[1.055s] Level 1:colcon.colcon_core.package_identification:_identify(src) by extension 'ignore_ament_install'
[1.055s] Level 1:colcon.colcon_core.package_identification:_identify(src) by extensions ['colcon_pkg']
[1.055s] Level 1:colcon.colcon_core.package_identification:_identify(src) by extension 'colcon_pkg'
[1.055s] Level 1:colcon.colcon_core.package_identification:_identify(src) by extensions ['colcon_meta']
[1.055s] Level 1:colcon.colcon_core.package_identification:_identify(src) by extension 'colcon_meta'
[1.055s] Level 1:colcon.colcon_core.package_identification:_identify(src) by extensions ['ros']
[1.055s] Level 1:colcon.colcon_core.package_identification:_identify(src) by extension 'ros'
[1.055s] Level 1:colcon.colcon_core.package_identification:_identify(src) by extensions ['cmake', 'python']
[1.055s] Level 1:colcon.colcon_core.package_identification:_identify(src) by extension 'cmake'
[1.055s] Level 1:colcon.colcon_core.package_identification:_identify(src) by extension 'python'
[1.055s] Level 1:colcon.colcon_core.package_identification:_identify(src) by extensions ['python_setup_py']
[1.055s] Level 1:colcon.colcon_core.package_identification:_identify(src) by extension 'python_setup_py'
[1.055s] Level 1:colcon.colcon_core.package_identification:_identify(src/colorcap) by extensions ['ignore', 'ignore_ament_install']
[1.056s] Level 1:colcon.colcon_core.package_identification:_identify(src/colorcap) by extension 'ignore'
[1.056s] Level 1:colcon.colcon_core.package_identification:_identify(src/colorcap) by extension 'ignore_ament_install'
[1.056s] Level 1:colcon.colcon_core.package_identification:_identify(src/colorcap) by extensions ['colcon_pkg']
[1.056s] Level 1:colcon.colcon_core.package_identification:_identify(src/colorcap) by extension 'colcon_pkg'
[1.056s] Level 1:colcon.colcon_core.package_identification:_identify(src/colorcap) by extensions ['colcon_meta']
[1.056s] Level 1:colcon.colcon_core.package_identification:_identify(src/colorcap) by extension 'colcon_meta'
[1.056s] Level 1:colcon.colcon_core.package_identification:_identify(src/colorcap) by extensions ['ros']
[1.056s] Level 1:colcon.colcon_core.package_identification:_identify(src/colorcap) by extension 'ros'
[1.062s] DEBUG:colcon.colcon_core.package_identification:Package 'src/colorcap' with type 'ros.ament_python' and name 'colorcap'
[1.062s] Level 1:colcon.colcon_core.package_identification:_identify(src/colorid) by extensions ['ignore', 'ignore_ament_install']
[1.062s] Level 1:colcon.colcon_core.package_identification:_identify(src/colorid) by extension 'ignore'
[1.062s] Level 1:colcon.colcon_core.package_identification:_identify(src/colorid) by extension 'ignore_ament_install'
[1.062s] Level 1:colcon.colcon_core.package_identification:_identify(src/colorid) by extensions ['colcon_pkg']
[1.062s] Level 1:colcon.colcon_core.package_identification:_identify(src/colorid) by extension 'colcon_pkg'
[1.062s] Level 1:colcon.colcon_core.package_identification:_identify(src/colorid) by extensions ['colcon_meta']
[1.062s] Level 1:colcon.colcon_core.package_identification:_identify(src/colorid) by extension 'colcon_meta'
[1.062s] Level 1:colcon.colcon_core.package_identification:_identify(src/colorid) by extensions ['ros']
[1.062s] Level 1:colcon.colcon_core.package_identification:_identify(src/colorid) by extension 'ros'
[1.064s] DEBUG:colcon.colcon_core.package_identification:Package 'src/colorid' with type 'ros.ament_python' and name 'color_detection'
[1.064s] Level 1:colcon.colcon_core.package_discovery:discover_packages(recursive) using defaults
[1.064s] Level 1:colcon.colcon_core.package_discovery:discover_packages(ignore) discover
[1.064s] Level 1:colcon.colcon_core.package_discovery:discover_packages(ignore) using defaults
[1.064s] Level 1:colcon.colcon_core.package_discovery:discover_packages(path) discover
[1.064s] Level 1:colcon.colcon_core.package_discovery:discover_packages(path) using defaults
[1.121s] Level 1:colcon.colcon_core.package_discovery:discover_packages(prefix_path) check parameters
[1.121s] Level 1:colcon.colcon_core.package_discovery:discover_packages(prefix_path) discover
[1.135s] DEBUG:colcon.colcon_installed_package_information.package_discovery:Found 10 installed packages in /home/yahboom/yahboomcar_ros2_ws/software/library_ws/install
[1.137s] DEBUG:colcon.colcon_installed_package_information.package_discovery:Found 20 installed packages in /home/yahboom/yahboomcar_ros2_ws/yahboomcar_ws/install
[1.140s] DEBUG:colcon.colcon_installed_package_information.package_discovery:Found 349 installed packages in /opt/ros/foxy
[1.143s] Level 1:colcon.colcon_core.package_discovery:discover_packages(prefix_path) using defaults
[1.401s] Level 5:colcon.colcon_core.verb:set package 'color_detection' build argument 'cmake_args' from command line to 'None'
[1.401s] Level 5:colcon.colcon_core.verb:set package 'color_detection' build argument 'cmake_target' from command line to 'None'
[1.401s] Level 5:colcon.colcon_core.verb:set package 'color_detection' build argument 'cmake_target_skip_unavailable' from command line to 'False'
[1.401s] Level 5:colcon.colcon_core.verb:set package 'color_detection' build argument 'cmake_clean_cache' from command line to 'False'
[1.401s] Level 5:colcon.colcon_core.verb:set package 'color_detection' build argument 'cmake_clean_first' from command line to 'False'
[1.401s] Level 5:colcon.colcon_core.verb:set package 'color_detection' build argument 'cmake_force_configure' from command line to 'False'
[1.401s] Level 5:colcon.colcon_core.verb:set package 'color_detection' build argument 'ament_cmake_args' from command line to 'None'
[1.401s] Level 5:colcon.colcon_core.verb:set package 'color_detection' build argument 'catkin_cmake_args' from command line to 'None'
[1.401s] Level 5:colcon.colcon_core.verb:set package 'color_detection' build argument 'catkin_skip_building_tests' from command line to 'False'
[1.402s] DEBUG:colcon.colcon_core.verb:Building package 'color_detection' with the following arguments: {'ament_cmake_args': None, 'build_base': '/home/yahboom/Final_S25_RobotProgramming_Galactic/build/color_detection', 'catkin_cmake_args': None, 'catkin_skip_building_tests': False, 'cmake_args': None, 'cmake_clean_cache': False, 'cmake_clean_first': False, 'cmake_force_configure': False, 'cmake_target': None, 'cmake_target_skip_unavailable': False, 'install_base': '/home/yahboom/Final_S25_RobotProgramming_Galactic/install/color_detection', 'merge_install': False, 'path': '/home/yahboom/Final_S25_RobotProgramming_Galactic/src/colorid', 'symlink_install': False, 'test_result_base': None}
[1.403s] Level 5:colcon.colcon_core.verb:set package 'colorcap' build argument 'cmake_args' from command line to 'None'
[1.404s] Level 5:colcon.colcon_core.verb:set package 'colorcap' build argument 'cmake_target' from command line to 'None'
[1.404s] Level 5:colcon.colcon_core.verb:set package 'colorcap' build argument 'cmake_target_skip_unavailable' from command line to 'False'
[1.404s] Level 5:colcon.colcon_core.verb:set package 'colorcap' build argument 'cmake_clean_cache' from command line to 'False'
[1.404s] Level 5:colcon.colcon_core.verb:set package 'colorcap' build argument 'cmake_clean_first' from command line to 'False'
[1.404s] Level 5:colcon.colcon_core.verb:set package 'colorcap' build argument 'cmake_force_configure' from command line to 'False'
[1.404s] Level 5:colcon.colcon_core.verb:set package 'colorcap' build argument 'ament_cmake_args' from command line to 'None'
[1.404s] Level 5:colcon.colcon_core.verb:set package 'colorcap' build argument 'catkin_cmake_args' from command line to 'None'
[1.404s] Level 5:colcon.colcon_core.verb:set package 'colorcap' build argument 'catkin_skip_building_tests' from command line to 'False'
[1.404s] DEBUG:colcon.colcon_core.verb:Building package 'colorcap' with the following arguments: {'ament_cmake_args': None, 'build_base': '/home/yahboom/Final_S25_RobotProgramming_Galactic/build/colorcap', 'catkin_cmake_args': None, 'catkin_skip_building_tests': False, 'cmake_args': None, 'cmake_clean_cache': False, 'cmake_clean_first': False, 'cmake_force_configure': False, 'cmake_target': None, 'cmake_target_skip_unavailable': False, 'install_base': '/home/yahboom/Final_S25_RobotProgramming_Galactic/install/colorcap', 'merge_install': False, 'path': '/home/yahboom/Final_S25_RobotProgramming_Galactic/src/colorcap', 'symlink_install': False, 'test_result_base': None}
[1.405s] INFO:colcon.colcon_core.executor:Executing jobs using 'parallel' executor
[1.410s] DEBUG:colcon.colcon_parallel_executor.executor.parallel:run_until_complete
[1.410s] INFO:colcon.colcon_ros.task.ament_python.build:Building ROS package in '/home/yahboom/Final_S25_RobotProgramming_Galactic/src/colorid' with build type 'ament_python'
[1.411s] Level 1:colcon.colcon_core.shell:create_environment_hook('color_detection', 'ament_prefix_path')
[1.426s] INFO:colcon.colcon_core.plugin_system:Skipping extension 'colcon_core.shell.bat': Not used on non-Windows systems
[1.427s] INFO:colcon.colcon_core.shell:Creating environment hook '/home/yahboom/Final_S25_RobotProgramming_Galactic/install/color_detection/share/color_detection/hook/ament_prefix_path.ps1'
[1.431s] INFO:colcon.colcon_core.shell:Creating environment descriptor '/home/yahboom/Final_S25_RobotProgramming_Galactic/install/color_detection/share/color_detection/hook/ament_prefix_path.dsv'
[1.433s] INFO:colcon.colcon_core.shell:Creating environment hook '/home/yahboom/Final_S25_RobotProgramming_Galactic/install/color_detection/share/color_detection/hook/ament_prefix_path.sh'
[1.437s] INFO:colcon.colcon_core.shell:Skip shell extension 'powershell' for command environment: Not usable outside of PowerShell
[1.437s] DEBUG:colcon.colcon_core.shell:Skip shell extension 'dsv' for command environment
[1.450s] INFO:colcon.colcon_ros.task.ament_python.build:Building ROS package in '/home/yahboom/Final_S25_RobotProgramming_Galactic/src/colorcap' with build type 'ament_python'
[1.451s] Level 1:colcon.colcon_core.shell:create_environment_hook('colorcap', 'ament_prefix_path')
[1.453s] INFO:colcon.colcon_core.shell:Creating environment hook '/home/yahboom/Final_S25_RobotProgramming_Galactic/install/colorcap/share/colorcap/hook/ament_prefix_path.ps1'
[1.456s] INFO:colcon.colcon_core.shell:Creating environment descriptor '/home/yahboom/Final_S25_RobotProgramming_Galactic/install/colorcap/share/colorcap/hook/ament_prefix_path.dsv'
[1.457s] INFO:colcon.colcon_core.shell:Creating environment hook '/home/yahboom/Final_S25_RobotProgramming_Galactic/install/colorcap/share/colorcap/hook/ament_prefix_path.sh'
[1.459s] INFO:colcon.colcon_core.shell:Skip shell extension 'powershell' for command environment: Not usable outside of PowerShell
[1.460s] DEBUG:colcon.colcon_core.shell:Skip shell extension 'dsv' for command environment
[1.757s] WARNING:colcon.colcon_ros.task.ament_python.build:Package 'color_detection' doesn't explicitly install a marker in the package index (colcon-ros currently does it implicitly but that fallback will be removed in the future)
[1.760s] WARNING:colcon.colcon_ros.task.ament_python.build:Package 'color_detection' doesn't explicitly install the 'package.xml' file (colcon-ros currently does it implicitly but that fallback will be removed in the future)
[1.761s] INFO:colcon.colcon_core.task.python.build:Building Python package in '/home/yahboom/Final_S25_RobotProgramming_Galactic/src/colorid'
[1.762s] INFO:colcon.colcon_core.shell:Skip shell extension 'powershell' for command environment: Not usable outside of PowerShell
[1.762s] DEBUG:colcon.colcon_core.shell:Skip shell extension 'dsv' for command environment
[2.028s] INFO:colcon.colcon_core.task.python.build:Building Python package in '/home/yahboom/Final_S25_RobotProgramming_Galactic/src/colorcap'
[2.030s] INFO:colcon.colcon_core.shell:Skip shell extension 'powershell' for command environment: Not usable outside of PowerShell
[2.030s] DEBUG:colcon.colcon_core.shell:Skip shell extension 'dsv' for command environment
[2.785s] DEBUG:colcon.colcon_core.event_handler.log_command:Invoking command in '/home/yahboom/Final_S25_RobotProgramming_Galactic/src/colorid': PYTHONPATH=/home/yahboom/Final_S25_RobotProgramming_Galactic/build/color_detection/prefix_override:/home/yahboom/Final_S25_RobotProgramming_Galactic/install/color_detection/lib/python3.8/site-packages:${PYTHONPATH} /usr/bin/python3 setup.py egg_info --egg-base ../../build/color_detection build --build-base /home/yahboom/Final_S25_RobotProgramming_Galactic/build/color_detection/build install --record /home/yahboom/Final_S25_RobotProgramming_Galactic/build/color_detection/install.log --install-scripts $base/lib/colorid --single-version-externally-managed
[2.800s] DEBUG:colcon.colcon_core.event_handler.log_command:Invoking command in '/home/yahboom/Final_S25_RobotProgramming_Galactic/src/colorcap': PYTHONPATH=/home/yahboom/Final_S25_RobotProgramming_Galactic/build/colorcap/prefix_override:/home/yahboom/Final_S25_RobotProgramming_Galactic/install/colorcap/lib/python3.8/site-packages:${PYTHONPATH} /usr/bin/python3 setup.py egg_info --egg-base ../../build/colorcap build --build-base /home/yahboom/Final_S25_RobotProgramming_Galactic/build/colorcap/build install --record /home/yahboom/Final_S25_RobotProgramming_Galactic/build/colorcap/install.log --install-scripts $base/lib/colorcap --single-version-externally-managed
[3.215s] DEBUG:colcon.colcon_core.event_handler.log_command:Invoked command in '/home/yahboom/Final_S25_RobotProgramming_Galactic/src/colorid' returned '0': PYTHONPATH=/home/yahboom/Final_S25_RobotProgramming_Galactic/build/color_detection/prefix_override:/home/yahboom/Final_S25_RobotProgramming_Galactic/install/color_detection/lib/python3.8/site-packages:${PYTHONPATH} /usr/bin/python3 setup.py egg_info --egg-base ../../build/color_detection build --build-base /home/yahboom/Final_S25_RobotProgramming_Galactic/build/color_detection/build install --record /home/yahboom/Final_S25_RobotProgramming_Galactic/build/color_detection/install.log --install-scripts $base/lib/colorid --single-version-externally-managed
[3.235s] Level 1:colcon.colcon_core.environment:checking '/home/yahboom/Final_S25_RobotProgramming_Galactic/install/color_detection' for CMake module files
[3.235s] Level 1:colcon.colcon_core.environment:checking '/home/yahboom/Final_S25_RobotProgramming_Galactic/install/color_detection' for CMake config files
[3.237s] Level 1:colcon.colcon_core.environment:checking '/home/yahboom/Final_S25_RobotProgramming_Galactic/install/color_detection/lib'
[3.237s] Level 1:colcon.colcon_core.environment:checking '/home/yahboom/Final_S25_RobotProgramming_Galactic/install/color_detection/bin'
[3.237s] Level 1:colcon.colcon_core.environment:checking '/home/yahboom/Final_S25_RobotProgramming_Galactic/install/color_detection/lib/pkgconfig/color_detection.pc'
[3.237s] Level 1:colcon.colcon_core.environment:checking '/home/yahboom/Final_S25_RobotProgramming_Galactic/install/color_detection/lib/python3.8/site-packages'
[3.237s] Level 1:colcon.colcon_core.shell:create_environment_hook('color_detection', 'pythonpath')
[3.239s] INFO:colcon.colcon_core.shell:Creating environment hook '/home/yahboom/Final_S25_RobotProgramming_Galactic/install/color_detection/share/color_detection/hook/pythonpath.ps1'
[3.239s] INFO:colcon.colcon_core.shell:Creating environment descriptor '/home/yahboom/Final_S25_RobotProgramming_Galactic/install/color_detection/share/color_detection/hook/pythonpath.dsv'
[3.240s] INFO:colcon.colcon_core.shell:Creating environment hook '/home/yahboom/Final_S25_RobotProgramming_Galactic/install/color_detection/share/color_detection/hook/pythonpath.sh'
[3.241s] Level 1:colcon.colcon_core.environment:checking '/home/yahboom/Final_S25_RobotProgramming_Galactic/install/color_detection/bin'
[3.241s] Level 1:colcon.colcon_core.environment:create_environment_scripts_only(color_detection)
[3.243s] INFO:colcon.colcon_core.shell:Creating package script '/home/yahboom/Final_S25_RobotProgramming_Galactic/install/color_detection/share/color_detection/package.ps1'
[3.245s] INFO:colcon.colcon_core.shell:Creating package descriptor '/home/yahboom/Final_S25_RobotProgramming_Galactic/install/color_detection/share/color_detection/package.dsv'
[3.247s] INFO:colcon.colcon_core.shell:Creating package script '/home/yahboom/Final_S25_RobotProgramming_Galactic/install/color_detection/share/color_detection/package.sh'
[3.248s] INFO:colcon.colcon_core.shell:Creating package script '/home/yahboom/Final_S25_RobotProgramming_Galactic/install/color_detection/share/color_detection/package.bash'
[3.251s] INFO:colcon.colcon_core.shell:Creating package script '/home/yahboom/Final_S25_RobotProgramming_Galactic/install/color_detection/share/color_detection/package.zsh'
[3.253s] Level 1:colcon.colcon_core.environment:create_file_with_runtime_dependencies(/home/yahboom/Final_S25_RobotProgramming_Galactic/install/color_detection/share/colcon-core/packages/color_detection)
[3.258s] Level 1:colcon.colcon_core.environment:checking '/home/yahboom/Final_S25_RobotProgramming_Galactic/install/colorcap' for CMake module files
[3.259s] Level 1:colcon.colcon_core.environment:checking '/home/yahboom/Final_S25_RobotProgramming_Galactic/install/colorcap' for CMake config files
[3.260s] DEBUG:colcon.colcon_core.event_handler.log_command:Invoked command in '/home/yahboom/Final_S25_RobotProgramming_Galactic/src/colorcap' returned '0': PYTHONPATH=/home/yahboom/Final_S25_RobotProgramming_Galactic/build/colorcap/prefix_override:/home/yahboom/Final_S25_RobotProgramming_Galactic/install/colorcap/lib/python3.8/site-packages:${PYTHONPATH} /usr/bin/python3 setup.py egg_info --egg-base ../../build/colorcap build --build-base /home/yahboom/Final_S25_RobotProgramming_Galactic/build/colorcap/build install --record /home/yahboom/Final_S25_RobotProgramming_Galactic/build/colorcap/install.log --install-scripts $base/lib/colorcap --single-version-externally-managed
[3.262s] Level 1:colcon.colcon_core.environment:checking '/home/yahboom/Final_S25_RobotProgramming_Galactic/install/colorcap/lib'
[3.262s] Level 1:colcon.colcon_core.environment:checking '/home/yahboom/Final_S25_RobotProgramming_Galactic/install/colorcap/bin'
[3.262s] Level 1:colcon.colcon_core.environment:checking '/home/yahboom/Final_S25_RobotProgramming_Galactic/install/colorcap/lib/pkgconfig/colorcap.pc'
[3.263s] Level 1:colcon.colcon_core.environment:checking '/home/yahboom/Final_S25_RobotProgramming_Galactic/install/colorcap/lib/python3.8/site-packages'
[3.263s] Level 1:colcon.colcon_core.shell:create_environment_hook('colorcap', 'pythonpath')
[3.264s] INFO:colcon.colcon_core.shell:Creating environment hook '/home/yahboom/Final_S25_RobotProgramming_Galactic/install/colorcap/share/colorcap/hook/pythonpath.ps1'
[3.265s] INFO:colcon.colcon_core.shell:Creating environment descriptor '/home/yahboom/Final_S25_RobotProgramming_Galactic/install/colorcap/share/colorcap/hook/pythonpath.dsv'
[3.265s] INFO:colcon.colcon_core.shell:Creating environment hook '/home/yahboom/Final_S25_RobotProgramming_Galactic/install/colorcap/share/colorcap/hook/pythonpath.sh'
[3.266s] Level 1:colcon.colcon_core.environment:checking '/home/yahboom/Final_S25_RobotProgramming_Galactic/install/colorcap/bin'
[3.266s] Level 1:colcon.colcon_core.environment:create_environment_scripts_only(colorcap)
[3.267s] INFO:colcon.colcon_core.shell:Creating package script '/home/yahboom/Final_S25_RobotProgramming_Galactic/install/colorcap/share/colorcap/package.ps1'
[3.268s] INFO:colcon.colcon_core.shell:Creating package descriptor '/home/yahboom/Final_S25_RobotProgramming_Galactic/install/colorcap/share/colorcap/package.dsv'
[3.269s] INFO:colcon.colcon_core.shell:Creating package script '/home/yahboom/Final_S25_RobotProgramming_Galactic/install/colorcap/share/colorcap/package.sh'
[3.269s] INFO:colcon.colcon_core.shell:Creating package script '/home/yahboom/Final_S25_RobotProgramming_Galactic/install/colorcap/share/colorcap/package.bash'
[3.270s] INFO:colcon.colcon_core.shell:Creating package script '/home/yahboom/Final_S25_RobotProgramming_Galactic/install/colorcap/share/colorcap/package.zsh'
[3.271s] Level 1:colcon.colcon_core.environment:create_file_with_runtime_dependencies(/home/yahboom/Final_S25_RobotProgramming_Galactic/install/colorcap/share/colcon-core/packages/colorcap)
[3.272s] DEBUG:colcon.colcon_parallel_executor.executor.parallel:closing loop
[3.274s] DEBUG:colcon.colcon_parallel_executor.executor.parallel:loop closed
[3.274s] DEBUG:colcon.colcon_parallel_executor.executor.parallel:run_until_complete finished with '0'
[3.274s] DEBUG:colcon.colcon_core.event_reactor:joining thread
[3.286s] INFO:colcon.colcon_core.plugin_system:Skipping extension 'colcon_notification.desktop_notification.terminal_notifier': Not used on non-Darwin systems
[3.287s] INFO:colcon.colcon_core.plugin_system:Skipping extension 'colcon_notification.desktop_notification.win32': Not used on non-Windows systems
[3.287s] INFO:colcon.colcon_notification.desktop_notification:Sending desktop notification using 'notify2'
[3.317s] DEBUG:colcon.colcon_core.event_reactor:joined thread
[3.319s] INFO:colcon.colcon_core.shell:Creating prefix script '/home/yahboom/Final_S25_RobotProgramming_Galactic/install/local_setup.ps1'
[3.321s] INFO:colcon.colcon_core.shell:Creating prefix util module '/home/yahboom/Final_S25_RobotProgramming_Galactic/install/_local_setup_util_ps1.py'
[3.324s] INFO:colcon.colcon_core.shell:Creating prefix chain script '/home/yahboom/Final_S25_RobotProgramming_Galactic/install/setup.ps1'
[3.329s] INFO:colcon.colcon_core.shell:Creating prefix script '/home/yahboom/Final_S25_RobotProgramming_Galactic/install/local_setup.sh'
[3.331s] INFO:colcon.colcon_core.shell:Creating prefix util module '/home/yahboom/Final_S25_RobotProgramming_Galactic/install/_local_setup_util_sh.py'
[3.332s] INFO:colcon.colcon_core.shell:Creating prefix chain script '/home/yahboom/Final_S25_RobotProgramming_Galactic/install/setup.sh'
[3.336s] INFO:colcon.colcon_core.shell:Creating prefix script '/home/yahboom/Final_S25_RobotProgramming_Galactic/install/local_setup.bash'
[3.338s] INFO:colcon.colcon_core.shell:Creating prefix chain script '/home/yahboom/Final_S25_RobotProgramming_Galactic/install/setup.bash'
[3.343s] INFO:colcon.colcon_core.shell:Creating prefix script '/home/yahboom/Final_S25_RobotProgramming_Galactic/install/local_setup.zsh'
[3.344s] INFO:colcon.colcon_core.shell:Creating prefix chain script '/home/yahboom/Final_S25_RobotProgramming_Galactic/install/setup.zsh'
